[    0.000000] Linux version 4.15.0-212-generic (buildd@lcy02-amd64-083) (gcc version 7.5.0 (Ubuntu 7.5.0-3ubuntu1~18.04)) #223-Ubuntu SMP Tue May 23 13:09:22 UTC 2023 (Ubuntu 4.15.0-212.223-generic 4.15.18)
[    0.000000] Command line: BOOT_IMAGE=/boot/vmlinuz-4.15.0-212-generic root=LABEL=cloudimg-rootfs ro console=tty1 console=ttyS0
[    0.000000] KERNEL supported cpus:
[    0.000000]   Intel GenuineIntel
[    0.000000]   AMD AuthenticAMD
[    0.000000]   Centaur CentaurHauls
[    0.000000] x86/fpu: Supporting XSAVE feature 0x001: 'x87 floating point registers'
[    0.000000] x86/fpu: Supporting XSAVE feature 0x002: 'SSE registers'
[    0.000000] x86/fpu: Supporting XSAVE feature 0x004: 'AVX registers'
[    0.000000] x86/fpu: xstate_offset[2]:  576, xstate_sizes[2]:  256
[    0.000000] x86/fpu: Enabled xstate features 0x7, context size is 832 bytes, using 'standard' format.
[    0.000000] e820: BIOS-provided physical RAM map:
[    0.000000] BIOS-e820: [mem 0x0000000000000000-0x000000000009fbff] usable
[    0.000000] BIOS-e820: [mem 0x000000000009fc00-0x000000000009ffff] reserved
[    0.000000] BIOS-e820: [mem 0x00000000000f0000-0x00000000000fffff] reserved
[    0.000000] BIOS-e820: [mem 0x0000000000100000-0x00000000dffeffff] usable
[    0.000000] BIOS-e820: [mem 0x00000000dfff0000-0x00000000dfffffff] ACPI data
[    0.000000] BIOS-e820: [mem 0x00000000fec00000-0x00000000fec00fff] reserved
[    0.000000] BIOS-e820: [mem 0x00000000fee00000-0x00000000fee00fff] reserved
[    0.000000] BIOS-e820: [mem 0x00000000fffc0000-0x00000000ffffffff] reserved
[    0.000000] BIOS-e820: [mem 0x0000000100000000-0x000000019fffffff] usable
[    0.000000] NX (Execute Disable) protection: active
[    0.000000] SMBIOS 2.5 present.
[    0.000000] DMI: innotek GmbH VirtualBox/VirtualBox, BIOS VirtualBox 12/01/2006
[    0.000000] Hypervisor detected: KVM
[    0.000000] e820: last_pfn = 0x1a0000 max_arch_pfn = 0x400000000
[    0.000000] MTRR: Disabled
[    0.000000] x86/PAT: MTRRs disabled, skipping PAT initialization too.
[    0.000000] CPU MTRRs all blank - virtualized system.
[    0.000000] x86/PAT: Configuration [0-7]: WB  WT  UC- UC  WB  WT  UC- UC  
[    0.000000] e820: last_pfn = 0xdfff0 max_arch_pfn = 0x400000000
[    0.000000] found SMP MP-table at [mem 0x0009fff0-0x0009ffff]
[    0.000000] Scanning 1 areas for low memory corruption
[    0.000000] RAMDISK: [mem 0x359cb000-0x36cdcfff]
[    0.000000] ACPI: Early table checksum verification disabled
[    0.000000] ACPI: RSDP 0x00000000000E0000 000024 (v02 VBOX  )
[    0.000000] ACPI: XSDT 0x00000000DFFF0030 00003C (v01 VBOX   VBOXXSDT 00000001 ASL  00000061)
[    0.000000] ACPI: FACP 0x00000000DFFF00F0 0000F4 (v04 VBOX   VBOXFACP 00000001 ASL  00000061)
[    0.000000] ACPI: DSDT 0x00000000DFFF0470 002325 (v02 VBOX   VBOXBIOS 00000002 INTL 20200925)
[    0.000000] ACPI: FACS 0x00000000DFFF0200 000040
[    0.000000] ACPI: FACS 0x00000000DFFF0200 000040
[    0.000000] ACPI: APIC 0x00000000DFFF0240 00005C (v02 VBOX   VBOXAPIC 00000001 ASL  00000061)
[    0.000000] ACPI: SSDT 0x00000000DFFF02A0 0001CC (v01 VBOX   VBOXCPUT 00000002 INTL 20200925)
[    0.000000] ACPI: Reserving FACP table memory at [mem 0xdfff00f0-0xdfff01e3]
[    0.000000] ACPI: Reserving DSDT table memory at [mem 0xdfff0470-0xdfff2794]
[    0.000000] ACPI: Reserving FACS table memory at [mem 0xdfff0200-0xdfff023f]
[    0.000000] ACPI: Reserving FACS table memory at [mem 0xdfff0200-0xdfff023f]
[    0.000000] ACPI: Reserving APIC table memory at [mem 0xdfff0240-0xdfff029b]
[    0.000000] ACPI: Reserving SSDT table memory at [mem 0xdfff02a0-0xdfff046b]
[    0.000000] No NUMA configuration found
[    0.000000] Faking a node at [mem 0x0000000000000000-0x000000019fffffff]
[    0.000000] NODE_DATA(0) allocated [mem 0x19ffd1000-0x19fffbfff]
[    0.000000] kvm-clock: cpu 0, msr 1:9ff50001, primary cpu clock
[    0.000000] kvm-clock: Using msrs 4b564d01 and 4b564d00
[    0.000000] kvm-clock: using sched offset of 3062417687 cycles
[    0.000000] clocksource: kvm-clock: mask: 0xffffffffffffffff max_cycles: 0x1cd42e4dffb, max_idle_ns: 881590591483 ns
[    0.000000] Zone ranges:
[    0.000000]   DMA      [mem 0x0000000000001000-0x0000000000ffffff]
[    0.000000]   DMA32    [mem 0x0000000001000000-0x00000000ffffffff]
[    0.000000]   Normal   [mem 0x0000000100000000-0x000000019fffffff]
[    0.000000]   Device   empty
[    0.000000] Movable zone start for each node
[    0.000000] Early memory node ranges
[    0.000000]   node   0: [mem 0x0000000000001000-0x000000000009efff]
[    0.000000]   node   0: [mem 0x0000000000100000-0x00000000dffeffff]
[    0.000000]   node   0: [mem 0x0000000100000000-0x000000019fffffff]
[    0.000000] Reserved but unavailable: 104 pages
[    0.000000] Initmem setup node 0 [mem 0x0000000000001000-0x000000019fffffff]
[    0.000000] ACPI: PM-Timer IO Port: 0x4008
[    0.000000] IOAPIC[0]: apic_id 2, version 32, address 0xfec00000, GSI 0-23
[    0.000000] ACPI: INT_SRC_OVR (bus 0 bus_irq 0 global_irq 2 dfl dfl)
[    0.000000] ACPI: INT_SRC_OVR (bus 0 bus_irq 9 global_irq 9 low level)
[    0.000000] Using ACPI (MADT) for SMP configuration information
[    0.000000] smpboot: Allowing 2 CPUs, 0 hotplug CPUs
[    0.000000] PM: Registered nosave memory: [mem 0x00000000-0x00000fff]
[    0.000000] PM: Registered nosave memory: [mem 0x0009f000-0x0009ffff]
[    0.000000] PM: Registered nosave memory: [mem 0x000a0000-0x000effff]
[    0.000000] PM: Registered nosave memory: [mem 0x000f0000-0x000fffff]
[    0.000000] PM: Registered nosave memory: [mem 0xdfff0000-0xdfffffff]
[    0.000000] PM: Registered nosave memory: [mem 0xe0000000-0xfebfffff]
[    0.000000] PM: Registered nosave memory: [mem 0xfec00000-0xfec00fff]
[    0.000000] PM: Registered nosave memory: [mem 0xfec01000-0xfedfffff]
[    0.000000] PM: Registered nosave memory: [mem 0xfee00000-0xfee00fff]
[    0.000000] PM: Registered nosave memory: [mem 0xfee01000-0xfffbffff]
[    0.000000] PM: Registered nosave memory: [mem 0xfffc0000-0xffffffff]
[    0.000000] e820: [mem 0xe0000000-0xfebfffff] available for PCI devices
[    0.000000] Booting paravirtualized kernel on KVM
[    0.000000] clocksource: refined-jiffies: mask: 0xffffffff max_cycles: 0xffffffff, max_idle_ns: 7645519600211568 ns
[    0.000000] setup_percpu: NR_CPUS:8192 nr_cpumask_bits:2 nr_cpu_ids:2 nr_node_ids:1
[    0.000000] percpu: Embedded 50 pages/cpu s167936 r8192 d28672 u1048576
[    0.000000] PV qspinlock hash table entries: 256 (order: 0, 4096 bytes)
[    0.000000] Built 1 zonelists, mobility grouping on.  Total pages: 1548153
[    0.000000] Policy zone: Normal
[    0.000000] Kernel command line: BOOT_IMAGE=/boot/vmlinuz-4.15.0-212-generic root=LABEL=cloudimg-rootfs ro console=tty1 console=ttyS0
[    0.000000] Memory: 6077636K/6291000K available (12300K kernel code, 2477K rwdata, 4324K rodata, 2480K init, 2720K bss, 213364K reserved, 0K cma-reserved)
[    0.000000] SLUB: HWalign=64, Order=0-3, MinObjects=0, CPUs=2, Nodes=1
[    0.000000] Kernel/User page tables isolation: enabled
[    0.000000] ftrace: allocating 39508 entries in 155 pages
[    0.004000] Hierarchical RCU implementation.
[    0.004000] 	RCU restricting CPUs from NR_CPUS=8192 to nr_cpu_ids=2.
[    0.004000] 	Tasks RCU enabled.
[    0.004000] RCU: Adjusting geometry for rcu_fanout_leaf=16, nr_cpu_ids=2
[    0.004000] NR_IRQS: 524544, nr_irqs: 440, preallocated irqs: 16
[    0.004000] random: crng init done
[    0.004000] Console: colour VGA+ 80x25
[    0.004000] console [tty1] enabled
[    0.004000] console [ttyS0] enabled
[    0.004000] ACPI: Core revision 20170831
[    0.004000] ACPI: 2 ACPI AML tables successfully acquired and loaded
[    0.004000] APIC: Switch to symmetric I/O mode setup
[    0.004000] x2apic enabled
[    0.004000] Switched APIC routing to physical x2apic.
[    0.004000] ..TIMER: vector=0x30 apic1=0 pin1=2 apic2=-1 pin2=-1
[    0.004000] tsc: Detected 3591.658 MHz processor
[    0.004000] Calibrating delay loop (skipped) preset value.. 7183.31 BogoMIPS (lpj=14366632)
[    0.004005] pid_max: default: 32768 minimum: 301
[    0.004617] Security Framework initialized
[    0.005141] Yama: becoming mindful.
[    0.005603] AppArmor: AppArmor initialized
[    0.009426] Dentry cache hash table entries: 1048576 (order: 11, 8388608 bytes)
[    0.012646] Inode-cache hash table entries: 524288 (order: 10, 4194304 bytes)
[    0.013603] Mount-cache hash table entries: 16384 (order: 5, 131072 bytes)
[    0.014449] Mountpoint-cache hash table entries: 16384 (order: 5, 131072 bytes)
[    0.015540] Last level iTLB entries: 4KB 1024, 2MB 1024, 4MB 1024
[    0.016002] Last level dTLB entries: 4KB 1024, 2MB 1024, 4MB 1024, 1GB 4
[    0.016799] Spectre V1 : Mitigation: usercopy/swapgs barriers and __user pointer sanitization
[    0.017781] Spectre V2 : Mitigation: Retpolines
[    0.018336] Spectre V2 : Spectre v2 / SpectreRSB mitigation: Filling RSB on context switch
[    0.019321] Spectre V2 : Spectre v2 / SpectreRSB : Filling RSB on VMEXIT
[    0.020002] Speculative Store Bypass: Vulnerable
[    0.020611] MDS: Mitigation: Clear CPU buffers
[    0.021125] MMIO Stale Data: Unknown: No mitigations
[    0.021674] SRBDS: Unknown: Dependent on hypervisor status
[    0.022417] Freeing SMP alternatives memory: 36K
[    0.133061] smpboot: CPU0: Intel(R) Core(TM) i7-4790 CPU @ 3.60GHz (family: 0x6, model: 0x3c, stepping: 0x3)
[    0.134272] Performance Events: unsupported p6 CPU model 60 no PMU driver, software events only.
[    0.135297] Hierarchical SRCU implementation.
[    0.136000] NMI watchdog: Perf event create on CPU 0 failed with -2
[    0.136000] NMI watchdog: Perf NMI watchdog permanently disabled
[    0.136500] smp: Bringing up secondary CPUs ...
[    0.137123] x86: Booting SMP configuration:
[    0.137638] .... node  #0, CPUs:      #1
[    0.004000] kvm-clock: cpu 1, msr 1:9ff50041, secondary cpu clock
[    0.140017] smp: Brought up 1 node, 2 CPUs
[    0.140521] smpboot: Max logical packages: 1
[    0.141060] smpboot: Total of 2 processors activated (14366.63 BogoMIPS)
[    0.144006] devtmpfs: initialized
[    0.144511] x86/mm: Memory block size: 128MB
[    0.145366] evm: security.selinux
[    0.145829] evm: security.SMACK64
[    0.146261] evm: security.SMACK64EXEC
[    0.146725] evm: security.SMACK64TRANSMUTE
[    0.147245] evm: security.SMACK64MMAP
[    0.147865] evm: security.apparmor
[    0.148003] evm: security.ima
[    0.148492] evm: security.capability
[    0.149063] clocksource: jiffies: mask: 0xffffffff max_cycles: 0xffffffff, max_idle_ns: 7645041785100000 ns
[    0.149389] futex hash table entries: 512 (order: 3, 32768 bytes)
[    0.152041] pinctrl core: initialized pinctrl subsystem
[    0.152936] RTC time: 16:28:11, date: 07/01/24
[    0.153718] NET: Registered protocol family 16
[    0.154422] audit: initializing netlink subsys (disabled)
[    0.155209] audit: type=2000 audit(1719851295.818:1): state=initialized audit_enabled=0 res=1
[    0.156008] cpuidle: using governor ladder
[    0.156687] cpuidle: using governor menu
[    0.157295] ACPI: bus type PCI registered
[    0.157999] acpiphp: ACPI Hot Plug PCI Controller Driver version: 0.5
[    0.159007] PCI: Using configuration type 1 for base access
[    0.160744] HugeTLB registered 2.00 MiB page size, pre-allocated 0 pages
[    0.161044] ACPI: Added _OSI(Module Device)
[    0.161044] ACPI: Added _OSI(Processor Device)
[    0.161462] ACPI: Added _OSI(3.0 _SCP Extensions)
[    0.164007] ACPI: Added _OSI(Processor Aggregator Device)
[    0.164819] ACPI: Added _OSI(Linux-Dell-Video)
[    0.165403] ACPI: Added _OSI(Linux-Lenovo-NV-HDMI-Audio)
[    0.166007] ACPI: Added _OSI(Linux-HPI-Hybrid-Graphics)
[    0.166867] ACPI: Executed 1 blocks of module-level executable AML code
[    0.170239] ACPI: Interpreter enabled
[    0.170739] ACPI: (supports S0 S5)
[    0.171187] ACPI: Using IOAPIC for interrupt routing
[    0.172171] PCI: Using host bridge windows from ACPI; if necessary, use "pci=nocrs" and report a bug
[    0.173780] ACPI: Enabled 2 GPEs in block 00 to 07
[    0.178572] ACPI: PCI Root Bridge [PCI0] (domain 0000 [bus 00-ff])
[    0.179352] acpi PNP0A03:00: _OSC: OS supports [ASPM ClockPM Segments MSI]
[    0.180334] acpi PNP0A03:00: _OSC: not requesting OS control; OS requires [ExtendedConfig ASPM ClockPM MSI]
[    0.181560] acpi PNP0A03:00: fail to add MMCONFIG information, can't access extended PCI configuration space under this bridge.
[    0.183210] PCI host bridge to bus 0000:00
[    0.183766] pci_bus 0000:00: root bus resource [io  0x0000-0x0cf7 window]
[    0.184002] pci_bus 0000:00: root bus resource [io  0x0d00-0xffff window]
[    0.184748] pci_bus 0000:00: root bus resource [mem 0x000a0000-0x000bffff window]
[    0.185633] pci_bus 0000:00: root bus resource [mem 0xe0000000-0xfdffffff window]
[    0.186581] pci_bus 0000:00: root bus resource [bus 00-ff]
[    0.189060] pci 0000:00:01.1: legacy IDE quirk: reg 0x10: [io  0x01f0-0x01f7]
[    0.189903] pci 0000:00:01.1: legacy IDE quirk: reg 0x14: [io  0x03f6]
[    0.190653] pci 0000:00:01.1: legacy IDE quirk: reg 0x18: [io  0x0170-0x0177]
[    0.191492] pci 0000:00:01.1: legacy IDE quirk: reg 0x1c: [io  0x0376]
[    0.257175] pci 0000:00:07.0: quirk: [io  0x4000-0x403f] claimed by PIIX4 ACPI
[    0.260010] pci 0000:00:07.0: quirk: [io  0x4100-0x410f] claimed by PIIX4 SMB
[    0.281378] ACPI: PCI Interrupt Link [LNKA] (IRQs 5 9 10 *11)
[    0.284254] ACPI: PCI Interrupt Link [LNKB] (IRQs 5 9 *10 11)
[    0.285275] ACPI: PCI Interrupt Link [LNKC] (IRQs 5 *9 10 11)
[    0.286211] ACPI: PCI Interrupt Link [LNKD] (IRQs 5 9 10 *11)
[    0.288232] SCSI subsystem initialized
[    0.288898] pci 0000:00:02.0: vgaarb: setting as boot VGA device
[    0.288964] pci 0000:00:02.0: vgaarb: VGA device added: decodes=io+mem,owns=io+mem,locks=none
[    0.290225] pci 0000:00:02.0: vgaarb: bridge control possible
[    0.292003] vgaarb: loaded
[    0.292491] ACPI: bus type USB registered
[    0.293147] usbcore: registered new interface driver usbfs
[    0.293986] usbcore: registered new interface driver hub
[    0.294788] usbcore: registered new device driver usb
[    0.296015] EDAC MC: Ver: 3.0.0
[    0.296733] PCI: Using ACPI for IRQ routing
[    0.296950] NetLabel: Initializing
[    0.297497] NetLabel:  domain hash size = 128
[    0.298217] NetLabel:  protocols = UNLABELED CIPSOv4 CALIPSO
[    0.300014] NetLabel:  unlabeled traffic allowed by default
[    0.300885] clocksource: Switched to clocksource kvm-clock
[    0.309496] VFS: Disk quotas dquot_6.6.0
[    0.310160] VFS: Dquot-cache hash table entries: 512 (order 0, 4096 bytes)
[    0.311249] AppArmor: AppArmor Filesystem Enabled
[    0.312038] pnp: PnP ACPI init
[    0.313250] pnp: PnP ACPI: found 3 devices
[    0.321317] clocksource: acpi_pm: mask: 0xffffff max_cycles: 0xffffff, max_idle_ns: 2085701024 ns
[    0.322726] NET: Registered protocol family 2
[    0.323459] IP idents hash table entries: 131072 (order: 8, 1048576 bytes)
[    0.325320] TCP established hash table entries: 65536 (order: 7, 524288 bytes)
[    0.327136] TCP bind hash table entries: 65536 (order: 8, 1048576 bytes)
[    0.328191] TCP: Hash tables configured (established 65536 bind 65536)
[    0.329142] UDP hash table entries: 4096 (order: 5, 131072 bytes)
[    0.330072] UDP-Lite hash table entries: 4096 (order: 5, 131072 bytes)
[    0.331158] NET: Registered protocol family 1
[    0.331807] pci 0000:00:00.0: Limiting direct PCI/PCI transfers
[    0.332695] pci 0000:00:01.0: Activating ISA DMA hang workarounds
[    0.333603] pci 0000:00:02.0: Video device with shadowed ROM at [mem 0x000c0000-0x000dffff]
[    0.334932] Unpacking initramfs...
[    0.543343] Freeing initrd memory: 19528K
[    0.543954] PCI-DMA: Using software bounce buffering for IO (SWIOTLB)
[    0.544725] software IO TLB: mapped [mem 0xdbff0000-0xdfff0000] (64MB)
[    0.545489] clocksource: tsc: mask: 0xffffffffffffffff max_cycles: 0x33c58b1c362, max_idle_ns: 440795358780 ns
[    0.546736] platform rtc_cmos: registered platform RTC device (no PNP device found)
[    0.547637] Scanning for low memory corruption every 60 seconds
[    0.548937] Initialise system trusted keyrings
[    0.549514] Key type blacklist registered
[    0.550091] workingset: timestamp_bits=36 max_order=21 bucket_order=0
[    0.551524] zbud: loaded
[    0.552315] squashfs: version 4.0 (2009/01/31) Phillip Lougher
[    0.553153] fuse init (API version 7.26)
[    0.555574] Key type asymmetric registered
[    0.556121] Asymmetric key parser 'x509' registered
[    0.556715] Block layer SCSI generic (bsg) driver version 0.4 loaded (major 246)
[    0.557697] io scheduler noop registered
[    0.558201] io scheduler deadline registered
[    0.558773] io scheduler cfq registered (default)
[    0.559555] ACPI: AC Adapter [AC] (on-line)
[    0.560178] input: Power Button as /devices/LNXSYSTM:00/LNXPWRBN:00/input/input0
[    0.561083] ACPI: Power Button [PWRF]
[    0.561603] input: Sleep Button as /devices/LNXSYSTM:00/LNXSLPBN:00/input/input1
[    0.562488] ACPI: Sleep Button [SLPF]
[    0.563211] Serial: 8250/16550 driver, 32 ports, IRQ sharing enabled
[    0.584396] 00:02: ttyS0 at I/O 0x3f8 (irq = 4, base_baud = 115200) is a 16550A
[    0.587122] Linux agpgart interface v0.103
[    0.589239] loop: module loaded
[    0.590079] scsi host0: ata_piix
[    0.590719] scsi host1: ata_piix
[    0.591197] ata1: PATA max UDMA/33 cmd 0x1f0 ctl 0x3f6 bmdma 0xd000 irq 14
[    0.592037] ata2: PATA max UDMA/33 cmd 0x170 ctl 0x376 bmdma 0xd008 irq 15
[    0.592911] tun: Universal TUN/TAP device driver, 1.6
[    0.593624] PPP generic driver version 2.4.2
[    0.594238] ehci_hcd: USB 2.0 'Enhanced' Host Controller (EHCI) Driver
[    0.595034] ehci-pci: EHCI PCI platform driver
[    0.595595] ehci-platform: EHCI generic platform driver
[    0.596279] ohci_hcd: USB 1.1 'Open' Host Controller (OHCI) Driver
[    0.596995] ohci-pci: OHCI PCI platform driver
[    0.597556] ohci-platform: OHCI generic platform driver
[    0.598192] uhci_hcd: USB Universal Host Controller Interface driver
[    0.598996] i8042: PNP: PS/2 Controller [PNP0303:PS2K,PNP0f03:PS2M] at 0x60,0x64 irq 1,12
[    0.600293] serio: i8042 KBD port at 0x60,0x64 irq 1
[    0.600940] serio: i8042 AUX port at 0x60,0x64 irq 12
[    0.601724] mousedev: PS/2 mouse device common for all mice
[    0.602802] input: AT Translated Set 2 keyboard as /devices/platform/i8042/serio0/input/input2
[    0.604023] rtc_cmos rtc_cmos: rtc core: registered rtc_cmos as rtc0
[    0.604873] rtc_cmos rtc_cmos: alarms up to one day, 114 bytes nvram
[    0.605655] i2c /dev entries driver
[    0.606159] device-mapper: uevent: version 1.0.3
[    0.606838] device-mapper: ioctl: 4.37.0-ioctl (2017-09-20) initialised: dm-devel@redhat.com
[    0.607875] ledtrig-cpu: registered to indicate activity on CPUs
[    0.608936] NET: Registered protocol family 10
[    0.612160] Segment Routing with IPv6
[    0.612725] NET: Registered protocol family 17
[    0.613319] Key type dns_resolver registered
[    0.614033] mce: Using 0 MCE banks
[    0.614574] RAS: Correctable Errors collector initialized.
[    0.615266] sched_clock: Marking stable (614012797, 0)->(799394458, -185381661)
[    0.616505] registered taskstats version 1
[    0.617062] Loading compiled-in X.509 certificates
[    0.619376] Loaded X.509 cert 'Build time autogenerated kernel key: b5b26778eaa3ab3a4a6cee031137706e947d12ad'
[    0.621008] Loaded X.509 cert 'Canonical Ltd. Live Patch Signing: 14df34d1a87cf37625abec039ef2bf521249b969'
[    0.622575] Loaded X.509 cert 'Canonical Ltd. Kernel Module Signing: 88f752e560a1e0737e31163a466ad7b70a850c19'
[    0.623724] blacklist: Loading compiled-in revocation X.509 certificates
[    0.624560] Loaded X.509 cert 'Canonical Ltd. Secure Boot Signing: 61482aa2830d0ab2ad5af10b7250da9033ddcef0'
[    0.625675] Loaded X.509 cert 'Canonical Ltd. Secure Boot Signing (2017): 242ade75ac4a15e50d50c84b0d45ff3eae707a03'
[    0.626916] Loaded X.509 cert 'Canonical Ltd. Secure Boot Signing (ESM 2018): 365188c1d374d6b07c3c8f240f8ef722433d6a8b'
[    0.628243] Loaded X.509 cert 'Canonical Ltd. Secure Boot Signing (2019): c0746fd6c5da3ae827864651ad66ae47fe24b3e8'
[    0.629431] Loaded X.509 cert 'Canonical Ltd. Secure Boot Signing (2021 v1): a8d54bbb3825cfb94fa13c9f8a594a195c107b8d'
[    0.630688] Loaded X.509 cert 'Canonical Ltd. Secure Boot Signing (2021 v2): 4cf046892d6fd3c9a5b03f98d845f90851dc6a8c'
[    0.631881] Loaded X.509 cert 'Canonical Ltd. Secure Boot Signing (2021 v3): 100437bb6de6e469b581e61cd66bce3ef4ed53af'
[    0.633116] Loaded X.509 cert 'Canonical Ltd. Secure Boot Signing (Ubuntu Core 2019): c1d57b8f6b743f23ee41f4f7ee292f06eecadfb9'
[    0.634463] zswap: loaded using pool lzo/zbud
[    0.637699] Key type big_key registered
[    0.638291] Key type trusted registered
[    0.639970] Key type encrypted registered
[    0.640515] AppArmor: AppArmor sha1 policy hashing enabled
[    0.641155] ima: No TPM chip found, activating TPM-bypass! (rc=-19)
[    0.641884] ima: Allocated hash algorithm: sha1
[    0.642473] evm: HMAC attrs: 0x1
[    0.643040]   Magic number: 0:703:488
[    0.643561] regulator regulator.0: hash matches
[    0.644208] rtc_cmos rtc_cmos: setting system clock to 2024-07-01 16:28:11 UTC (1719851291)
[    0.645265] BIOS EDD facility v0.16 2004-Jun-25, 0 devices found
[    0.645958] EDD information not available.
[    0.776080] Freeing unused kernel image memory: 2480K
[    0.788127] Write protecting the kernel read-only data: 20480k
[    0.789433] Freeing unused kernel image memory: 2008K
[    0.790342] Freeing unused kernel image memory: 1820K
[    0.795732] x86/mm: Checked W+X mappings: passed, no W+X pages found.
[    0.796510] x86/mm: Checking user space page tables
[    0.801612] x86/mm: Checked W+X mappings: passed, no W+X pages found.
Loading, please wait...
starting version 237
[    0.851976] e1000: Intel(R) PRO/1000 Network Driver - version 7.3.21-k8-NAPI
[    0.853339] e1000: Copyright (c) 1999-2006 Intel Corporation.
[    0.856940] Fusion MPT base driver 3.04.20
[    0.857498] Copyright (c) 1999-2008 LSI Corporation
[    0.862023] Fusion MPT SPI Host driver 3.04.20
[    0.866636] AVX2 version of gcm_enc/dec engaged.
[    0.867237] AES CTR mode by8 optimization enabled
[    1.083412] input: ImExPS/2 Generic Explorer Mouse as /devices/platform/i8042/serio1/input/input4
[    1.552897] e1000 0000:00:03.0 eth0: (PCI:33MHz:32-bit) 02:3b:7b:b7:3b:2d
[    1.553830] e1000 0000:00:03.0 eth0: Intel(R) PRO/1000 Network Connection
[    1.555604] mptbase: ioc0: Initiating bringup
[    1.556800] e1000 0000:00:03.0 enp0s3: renamed from eth0
[    4.152278] ioc0: LSI53C1030 A0: Capabilities={Initiator}
[    6.666438] scsi host2: ioc0: LSI53C1030 A0, FwRev=00000000h, Ports=1, MaxQ=256, IRQ=20
[    8.544196] scsi 2:0:0:0: Direct-Access     VBOX     HARDDISK         1.0  PQ: 0 ANSI: 5
[    8.576173] scsi target2:0:0: Beginning Domain Validation
[    8.578259] scsi target2:0:0: Domain Validation skipping write tests
[    8.579056] scsi target2:0:0: Ending Domain Validation
[    8.579810] scsi target2:0:0: asynchronous
[    8.581212] scsi 2:0:1:0: Direct-Access     VBOX     HARDDISK         1.0  PQ: 0 ANSI: 5
[    8.612070] scsi target2:0:1: Beginning Domain Validation
[    8.614162] scsi target2:0:1: Domain Validation skipping write tests
[    8.615181] scsi target2:0:1: Ending Domain Validation
[    8.616048] scsi target2:0:1: asynchronous
[    8.621913] sd 2:0:0:0: Attached scsi generic sg0 type 0
[    8.621923] sd 2:0:0:0: [sda] 83886080 512-byte logical blocks: (42.9 GB/40.0 GiB)
[    8.623207] sd 2:0:1:0: Attached scsi generic sg1 type 0
[    8.623699] sd 2:0:0:0: [sda] Write Protect is off
[    8.625582] sd 2:0:0:0: [sda] Incomplete mode parameter data
[    8.625592] sd 2:0:1:0: [sdb] 20480 512-byte logical blocks: (10.5 MB/10.0 MiB)
[    8.626584] sd 2:0:0:0: [sda] Assuming drive cache: write through
[    8.628689] sd 2:0:1:0: [sdb] Write Protect is off
[    8.629582] sd 2:0:1:0: [sdb] Incomplete mode parameter data
[    8.630156]  sda: sda1
[    8.630535] sd 2:0:1:0: [sdb] Assuming drive cache: write through
[    8.634230] sd 2:0:0:0: [sda] Attached SCSI disk
[    8.636263] sd 2:0:1:0: [sdb] Attached SCSI disk
Begin: Loading essential drivers ... [    9.988593] raid6: sse2x1   gen() 11964 MB/s
[   10.038700] raid6: sse2x1   xor()  9600 MB/s
[   10.088766] raid6: sse2x2   gen() 17200 MB/s
[   10.138898] raid6: sse2x2   xor() 10691 MB/s
[   10.188969] raid6: sse2x4   gen() 20339 MB/s
[   10.239081] raid6: sse2x4   xor() 12115 MB/s
[   10.286387] raid6: avx2x1   gen() 26621 MB/s
[   10.335668] raid6: avx2x1   xor() 18818 MB/s
[   10.388139] raid6: avx2x2   gen() 31629 MB/s
[   10.436508] raid6: avx2x2   xor() 18413 MB/s
[   10.484118] raid6: avx2x4   gen() 33436 MB/s
[   10.540327] raid6: avx2x4   xor() 24860 MB/s
[   10.540960] raid6: using algorithm avx2x4 gen() 33436 MB/s
[   10.541616] raid6: .... xor() 24860 MB/s, rmw enabled
[   10.542502] raid6: using avx2x2 recovery algorithm
[   10.544338] xor: automatically using best checksumming function   avx       
[   10.546136] async_tx: api initialized (async)
done.
Begin: Running /scripts/init-premount ... done.
Begin: Mounting root file system ... Begin: Running /scripts/local-top ... done.
Begin: Running /scripts/local-premount ... [   10.583549] Btrfs loaded, crc32c=crc32c-intel
Scanning for Btrfs filesystems
done.
Warning: fsck not present, so skipping root file system
[   10.602481] EXT4-fs (sda1): mounted filesystem with ordered data mode. Opts: (null)
done.
Begin: Running /scripts/local-bottom ... done.
Begin: Running /scripts/init-bottom ... done.
[   10.703475] ip_tables: (C) 2000-2006 Netfilter Core Team
[   10.709366] systemd[1]: systemd 237 running in system mode. (+PAM +AUDIT +SELINUX +IMA +APPARMOR +SMACK +SYSVINIT +UTMP +LIBCRYPTSETUP +GCRYPT +GNUTLS +ACL +XZ +LZ4 +SECCOMP +BLKID +ELFUTILS +KMOD -IDN2 +IDN -PCRE2 default-hierarchy=hybrid)
[   10.714736] systemd[1]: Detected virtualization oracle.
[   10.715501] systemd[1]: Detected architecture x86-64.

Welcome to [1mUbuntu 18.04.6 LTS[0m!

[   10.720381] systemd[1]: Set hostname to <ubuntu>.
[   10.722325] systemd[1]: Initializing machine ID from random generator.
[   10.723195] systemd[1]: Installed transient /etc/machine-id file.
[   10.879349] systemd[1]: Set up automount Arbitrary Executable File Formats File System Automount Point.
[[0;32m  OK  [0m] Set up automount Arbitrary Executab…rmats File System Automount Point.
[   10.882468] systemd[1]: Created slice System Slice.
[[0;32m  OK  [0m] Created slice System Slice.
[   10.883488] systemd[1]: Listening on Journal Socket.
[[0;32m  OK  [0m] Listening on Journal Socket.
[   10.885227] systemd[1]: Mounting Kernel Debug File System...
         Mounting Kernel Debug File System...
[[0;32m  OK  [0m] Listening on udev Control Socket.
         Starting Uncomplicated firewall...
[[0;32m  OK  [0m] Listening on Device-mapper event daemon FIFOs.
         Mounting Huge Pages File System...
         Starting Load Kernel Modules...
[[0;32m  OK  [0m] Listening on udev Kernel Socket.
         Starting udev Coldplug all Devices...
[[0;32m  OK  [0m] Created slice system-serial\x2dgetty.slice.
[[0;32m  OK  [0m] Listening on Syslog Socket.
         Mounting POSIX Message Queue File System...
[[0;32m  OK  [0m] Reached target User and Group Name Lookups.
[[0;32m  OK  [0m] Listening on LVM2 metadata daemon socket.
         Starting Monitoring of LVM2 mirrors…ng dmeventd or progress polling...
[[0;32m  OK  [0m] Started Forward Password Requests to Wall Directory Watch.
[[0;32m  OK  [0m] Listening on Journal Audit Socket.
[[0;32m  OK  [0m] Reached target Mounting snaps.
[[0;32m  OK  [0m] Listening on LVM2 poll daemon socket.
         Starting Create list of required st…ce nodes for the current kernel...
[[0;32m  OK  [0m] Listening on fsck to fsckd communication Socket.
[[0;32m  OK  [0m] Listening on Journal Socket (/dev/log).
         Starting Journal Service...
[   10.925180] Loading iSCSI transport class v2.0-870.
[   10.929707] iscsi: registered transport (tcp)
[[0;32m  OK  [0m] Reached target Mounted snaps.
[[0;32m  OK  [0m] Reached target System Time Synchronized.
[[0;32m  OK  [0m] Listening on /dev/initctl Compatibility Named Pipe.
         Starting Set the console keyboard layout...
         Starting File System Check on Root Device...
[   10.945728] iscsi: registered transport (iser)
[[0;32m  OK  [0m] Listening on Network Service Netlink Socket.
[[0;32m  OK  [0m] Reached target Swap.
[[0;32m  OK  [0m] Created slice User and Session Slice.
[[0;32m  OK  [0m] Reached target Slices.
[[0;32m  OK  [0m] Mounted Kernel Debug File System.
[[0;32m  OK  [0m] Started Uncomplicated firewall.
[[0;32m  OK  [0m] Mounted Huge Pages File System.
[[0;32m  OK  [0m] Started Load Kernel Modules.
[[0;32m  OK  [0m] Mounted POSIX Message Queue File System.
[[0;32m  OK  [0m] Started LVM2 metadata daemon.
         Mounting Kernel Configuration File System...
         Mounting FUSE Control File System...
         Starting Apply Kernel Variables...
[[0;32m  OK  [0m] Mounted Kernel Configuration File System.
[[0;32m  OK  [0m] Mounted FUSE Control File System.
[[0;32m  OK  [0m] Started Create list of required sta…vice nodes for the current kernel.
         Starting Create Static Device Nodes in /dev...
[[0;32m  OK  [0m] Started Journal Service.
[[0;32m  OK  [0m] Started udev Coldplug all Devices.
[[0;32m  OK  [0m] Started File System Check Daemon to report status.
[[0;32m  OK  [0m] Started Create Static Device Nodes in /dev.
[[0;32m  OK  [0m] Started Monitoring of LVM2 mirrors,…sing dmeventd or progress polling.
[[0;32m  OK  [0m] Started Apply Kernel Variables.
[[0;32m  OK  [0m] Started File System Check on Root Device.
         Starting Remount Root and Kernel File Systems...
[[0;32m  OK  [0m] Started Remount Root and Kernel File Systems.
         Starting udev Kernel Device Manager...
         Starting Load/Save Random Seed...
         Starting Flush Journal to Persistent Storage...
[[0;32m  OK  [0m] Started udev Kernel Device Manager.
[[0;32m  OK  [0m] Started Load/Save Random Seed.
[[0;32m  OK  [0m] Started Flush Journal to Persistent Storage.
[[0;32m  OK  [0m] Found device /dev/ttyS0.
[[0;32m  OK  [0m] Listening on Load/Save RF Kill Switch Status /dev/rfkill Watch.
         Mounting Arbitrary Executable File Formats File System...
[[0;32m  OK  [0m] Mounted Arbitrary Executable File Formats File System.
[[0;32m  OK  [0m] Started Set the console keyboard layout.
[[0;32m  OK  [0m] Started Dispatch Password Requests to Console Directory Watch.
[[0;32m  OK  [0m] Reached target Local Encrypted Volumes.
[[0;32m  OK  [0m] Reached target Local File Systems (Pre).
[[0;32m  OK  [0m] Reached target Local File Systems.
         Starting ebtables ruleset management...
         Starting Create Volatile Files and Directories...
         Starting AppArmor initialization...
         Starting Commit a transient machine-id on disk...
         Starting Set console font and keymap...
         Starting Tell Plymouth To Write Out Runtime Data...
[[0;32m  OK  [0m] Started Tell Plymouth To Write Out Runtime Data.
[[0;32m  OK  [0m] Started Create Volatile Files and Directories.
         Starting Update UTMP about System Boot/Shutdown...
[[0;32m  OK  [0m] Started Update UTMP about System Boot/Shutdown.
[[0;32m  OK  [0m] Started Commit a transient machine-id on disk.
[[0;32m  OK  [0m] Started ebtables ruleset management.
[[0;32m  OK  [0m] Started AppArmor initialization.
         Starting Load AppArmor profiles managed internally by snapd...
         Starting Initial cloud-init job (pre-networking)...
[[0;32m  OK  [0m] Started Load AppArmor profiles managed internally by snapd.
[[0;32m  OK  [0m] Started Set console font and keymap.
[   13.481236] cloud-init[844]: Cloud-init v. 23.1.2-0ubuntu0~18.04.1 running 'init-local' at Mon, 01 Jul 2024 16:28:24 +0000. Up 13.23 seconds.
[[0;32m  OK  [0m] Started Initial cloud-init job (pre-networking).
[[0;32m  OK  [0m] Reached target Network (Pre).
         Starting Network Service...
[[0;32m  OK  [0m] Started Network Service.
         Starting Network Name Resolution...
         Starting Wait for Network to be Configured...
[[0;32m  OK  [0m] Started Network Name Resolution.
[[0;32m  OK  [0m] Reached target Host and Network Name Lookups.
[[0;32m  OK  [0m] Reached target Network.
[[0;32m  OK  [0m] Started Wait for Network to be Configured.
         Starting Initial cloud-init job (metadata service crawler)...
[   15.533259] cloud-init[1019]: Cloud-init v. 23.1.2-0ubuntu0~18.04.1 running 'init' at Mon, 01 Jul 2024 16:28:26 +0000. Up 15.42 seconds.
[   15.534508] cloud-init[1019]: ci-info: ++++++++++++++++++++++++++++++++++++++Net device info++++++++++++++++++++++++++++++++++++++
[   15.535763] cloud-init[1019]: ci-info: +--------+------+----------------------------+---------------+--------+-------------------+
[   15.536930] cloud-init[1019]: ci-info: | Device |  Up  |          Address           |      Mask     | Scope  |     Hw-Address    |
[   15.538081] cloud-init[1019]: ci-info: +--------+------+----------------------------+---------------+--------+-------------------+
[   15.539260] cloud-init[1019]: ci-info: | enp0s3 | True |         10.0.2.15          | 255.255.255.0 | global | 02:3b:7b:b7:3b:2d |
[   15.540488] cloud-init[1019]: ci-info: | enp0s3 | True | fe80::3b:7bff:feb7:3b2d/64 |       .       |  link  | 02:3b:7b:b7:3b:2d |
[   15.541793] cloud-init[1019]: ci-info: |   lo   | True |         127.0.0.1          |   255.0.0.0   |  host  |         .         |
[   15.542946] cloud-init[1019]: ci-info: |   lo   | True |          ::1/128           |       .       |  host  |         .         |
[   15.544089] cloud-init[1019]: ci-info: +--------+------+----------------------------+---------------+--------+-------------------+
[   15.545235] cloud-init[1019]: ci-info: ++++++++++++++++++++++++++++Route IPv4 info+++++++++++++++++++++++++++++
[   15.546284] cloud-init[1019]: ci-info: +-------+-------------+----------+-----------------+-----------+-------+
[   15.547279] cloud-init[1019]: ci-info: | Route | Destination | Gateway  |     Genmask     | Interface | Flags |
[   15.548322] cloud-init[1019]: ci-info: +-------+-------------+----------+-----------------+-----------+-------+
[   15.549371] cloud-init[1019]: ci-info: |   0   |   0.0.0.0   | 10.0.2.2 |     0.0.0.0     |   enp0s3  |   UG  |
[   15.550415] cloud-init[1019]: ci-info: |   1   |   10.0.2.0  | 0.0.0.0  |  255.255.255.0  |   enp0s3  |   U   |
[   15.551462] cloud-init[1019]: ci-info: |   2   |   10.0.2.2  | 0.0.0.0  | 255.255.255.255 |   enp0s3  |   UH  |
[   15.552484] cloud-init[1019]: ci-info: +-------+-------------+----------+-----------------+-----------+-------+
[   15.564164] cloud-init[1019]: ci-info: +++++++++++++++++++Route IPv6 info+++++++++++++++++++
[   15.565039] cloud-init[1019]: ci-info: +-------+-------------+---------+-----------+-------+
[   15.565937] cloud-init[1019]: ci-info: | Route | Destination | Gateway | Interface | Flags |
[   15.566873] cloud-init[1019]: ci-info: +-------+-------------+---------+-----------+-------+
[   15.567774] cloud-init[1019]: ci-info: |   1   |  fe80::/64  |    ::   |   enp0s3  |   U   |
[   15.568782] cloud-init[1019]: ci-info: |   3   |    local    |    ::   |   enp0s3  |   U   |
[   15.569676] cloud-init[1019]: ci-info: |   4   |   ff00::/8  |    ::   |   enp0s3  |   U   |
[   15.570646] cloud-init[1019]: ci-info: +-------+-------------+---------+-----------+-------+
[   16.285799] cloud-init[1019]: Generating public/private rsa key pair.
[   16.286553] cloud-init[1019]: Your identification has been saved in /etc/ssh/ssh_host_rsa_key.
[   16.287239] cloud-init[1019]: Your public key has been saved in /etc/ssh/ssh_host_rsa_key.pub.
[   16.287961] cloud-init[1019]: The key fingerprint is:
[   16.288373] cloud-init[1019]: SHA256:fnPuxmIWYwwFYShe9pCE0sTv2HfRGT6Gu4fzfKojj/8 root@ubuntu-bionic
[   16.289162] cloud-init[1019]: The key's randomart image is:
[   16.289637] cloud-init[1019]: +---[RSA 2048]----+
[   16.290049] cloud-init[1019]: |   +.o.o+o       |
[   16.308346] cloud-init[1019]: |  . = *.  . .    |
[   16.308761] cloud-init[1019]: |   o = o . + o   |
[   16.309257] cloud-init[1019]: |    . . o o *    |
[   16.309744] cloud-init[1019]: |     +  So + .   |
[   16.310153] cloud-init[1019]: |    . o.. B      |
[   16.310467] cloud-init[1019]: |       ..oo*.    |
[   16.310918] cloud-init[1019]: |        .oO=+ .  |
[   16.311420] cloud-init[1019]: |        .*+@Eo   |
[   16.311957] cloud-init[1019]: +----[SHA256]-----+
[   16.312397] cloud-init[1019]: Generating public/private dsa key pair.
[   16.313006] cloud-init[1019]: Your identification has been saved in /etc/ssh/ssh_host_dsa_key.
[   16.313758] cloud-init[1019]: Your public key has been saved in /etc/ssh/ssh_host_dsa_key.pub.
[   16.314515] cloud-init[1019]: The key fingerprint is:
[   16.314995] cloud-init[1019]: SHA256:Co4BktJXtfjfCt2YmNVIDSdQNjVFOiyE6wCkA8syuo4 root@ubuntu-bionic
[   16.315796] cloud-init[1019]: The key's randomart image is:
[   16.316293] cloud-init[1019]: +---[DSA 1024]----+
[   16.316733] cloud-init[1019]: |.  .. ..o+B.+oo  |
[   16.317205] cloud-init[1019]: |.= ... ..+ B o   |
[   16.317685] cloud-init[1019]: |O.+ ... ..o =    |
[   16.318144] cloud-init[1019]: |=o o  .... + .   |
[   16.318623] cloud-init[1019]: |. . .  oS o .    |
[   16.319140] cloud-init[1019]: | . + . ..* =     |
[   16.319642] cloud-init[1019]: |. . . . + = o    |
[   16.320155] cloud-init[1019]: |o        . .     |
[   16.320667] cloud-init[1019]: |E.        .      |
[   16.321173] cloud-init[1019]: +----[SHA256]-----+
[   16.321616] cloud-init[1019]: Generating public/private ecdsa key pair.
[   16.322202] cloud-init[1019]: Your identification has been saved in /etc/ssh/ssh_host_ecdsa_key.
[   16.323016] cloud-init[1019]: Your public key has been saved in /etc/ssh/ssh_host_ecdsa_key.pub.
[   16.323794] cloud-init[1019]: The key fingerprint is:
[   16.324276] cloud-init[1019]: SHA256:bxngtWM/lmU8eWCCniw90hmdm5tERHZttXzAIrBc34E root@ubuntu-bionic
[   16.325039] cloud-init[1019]: The key's randomart image is:
[   16.325521] cloud-init[1019]: +---[ECDSA 256]---+
[   16.325961] cloud-init[1019]: |        ....+o+.o|
[   16.326422] cloud-init[1019]: |       . o.*E+oo+|
[   16.326877] cloud-init[1019]: |        + +.*.++.|
[   16.327328] cloud-init[1019]: |       . B * * o.|
[   16.327772] cloud-init[1019]: |        S & + * .|
[   16.328260] cloud-init[1019]: |         = B * o |
[   16.328725] cloud-init[1019]: |          + B    |
[   16.329142] cloud-init[1019]: |         . . .   |
[   16.329613] cloud-init[1019]: |                 |
[   16.330099] cloud-init[1019]: +----[SHA256]-----+
[   16.330584] cloud-init[1019]: Generating public/private ed25519 key pair.
[   16.331165] cloud-init[1019]: Your identification has been saved in /etc/ssh/ssh_host_ed25519_key.
[   16.331935] cloud-init[1019]: Your public key has been saved in /etc/ssh/ssh_host_ed25519_key.pub.
[   16.332715] cloud-init[1019]: The key fingerprint is:
[   16.333164] cloud-init[1019]: SHA256:Gz0sRnIMMWEnk+keoZSUvltfONzkpfpJnVJAjG1KKEA root@ubuntu-bionic
[   16.333926] cloud-init[1019]: The key's randomart image is:
[   16.334478] cloud-init[1019]: +--[ED25519 256]--+
[   16.334966] cloud-init[1019]: | .Eo.oO*.+.      |
[   16.335457] cloud-init[1019]: |    =.=Bo.+      |
[   16.335911] cloud-init[1019]: |   o +.o+o.      |
[   16.336335] cloud-init[1019]: |    o o+.o...    |
[   16.336766] cloud-init[1019]: |     o oS=+o.    |
[   16.337209] cloud-init[1019]: |    . o.++=+ .   |
[   16.337629] cloud-init[1019]: |     o ..+o o    |
[   16.338082] cloud-init[1019]: |    .   o. o     |
[   16.338609] cloud-init[1019]: |         .o      |
[   16.339097] cloud-init[1019]: +----[SHA256]-----+
[[0;32m  OK  [0m] Started Initial cloud-init job (metadata service crawler).
[[0;32m  OK  [0m] Reached target System Initialization.
[[0;32m  OK  [0m] Listening on cloud-init hotplug hook socket.
[[0;32m  OK  [0m] Listening on UUID daemon activation socket.
[[0;32m  OK  [0m] Listening on ACPID Listen Socket.
         Starting Socket activation for snappy daemon.
[[0;32m  OK  [0m] Started Daily Cleanup of Temporary Directories.
[[0;32m  OK  [0m] Started ACPI Events Check.
[[0;32m  OK  [0m] Reached target Paths.
[[0;32m  OK  [0m] Started Discard unused blocks once a week.
[[0;32m  OK  [0m] Listening on Open-iSCSI iscsid Socket.
[[0;32m  OK  [0m] Started Daily apt download activities.
[[0;32m  OK  [0m] Started Message of the Day.
         Starting LXD - unix socket.
[[0;32m  OK  [0m] Listening on D-Bus System Message Bus Socket.
[[0;32m  OK  [0m] Started Daily apt upgrade and clean activities.
[[0;32m  OK  [0m] Started Ubuntu Advantage Timer for running repeated jobs.
[[0;32m  OK  [0m] Reached target Timers.
[[0;32m  OK  [0m] Reached target Network is Online.
[[0;32m  OK  [0m] Reached target Remote File Systems (Pre).
[[0;32m  OK  [0m] Reached target Remote File Systems.
         Starting Availability of block devices...
[[0;32m  OK  [0m] Reached target Cloud-config availability.
[[0;32m  OK  [0m] Listening on Socket activation for snappy daemon.
[[0;32m  OK  [0m] Listening on LXD - unix socket.
[[0;32m  OK  [0m] Started Availability of block devices.
[[0;32m  OK  [0m] Reached target Sockets.
[[0;32m  OK  [0m] Reached target Basic System.
         Starting Login Service...
         Starting Accounts Service...
         Starting System Logging Service...
[[0;32m  OK  [0m] Started Regular background program processing daemon.
[[0;32m  OK  [0m] Reached target Login Prompts (Pre).
         Starting LXD - container startup/shutdown...
         Starting Pollinate to seed the pseudo random number generator...
         Starting Permit User Sessions...
[[0;32m  OK  [0m] Started D-Bus System Message Bus.
[[0;32m  OK  [0m] Started Login Service.
[[0;32m  OK  [0m] Started Unattended Upgrades Shutdown.
         Starting Dispatcher daemon for systemd-networkd...
[[0;32m  OK  [0m] Started Deferred execution scheduler.
         Starting LSB: Record successful boot for GRUB...
         Starting Snap Daemon...
[[0;32m  OK  [0m] Started FUSE filesystem for LXC.
         Starting LSB: automatic crash report generation...
         Starting Virtualbox guest utils...
[[0;32m  OK  [0m] Started irqbalance daemon.
[[0;32m  OK  [0m] Started System Logging Service.
[[0;32m  OK  [0m] Started LXD - container startup/shutdown.
[[0;32m  OK  [0m] Started Permit User Sessions.
         Starting Terminate Plymouth Boot Screen...
         Starting Hold until boot process finishes up...
[[0;32m  OK  [0m] Started Hold until boot process finishes up.
         Starting Set console scheme...
[[0;32m  OK  [0m] Started Serial Getty on ttyS0.
[[0;32m  OK  [0m] Started Terminate Plymouth Boot Screen.
[[0;32m  OK  [0m] Started Set console scheme.
[[0;32m  OK  [0m] Created slice system-getty.slice.
[[0;32m  OK  [0m] Started Getty on tty1.
[[0;32m  OK  [0m] Reached target Login Prompts.
         Starting Authorization Manager...
[[0;32m  OK  [0m] Started Authorization Manager.
[[0;32m  OK  [0m] Started Accounts Service.
[[0;32m  OK  [0m] Started LSB: automatic crash report generation.
[[0;32m  OK  [0m] Started LSB: Record successful boot for GRUB.
[[0;32m  OK  [0m] Started Virtualbox guest utils.
[[0;32m  OK  [0m] Started Dispatcher daemon for systemd-networkd.
[[0;32m  OK  [0m] Started Snap Daemon.
         Starting Wait until snapd is fully seeded...
[[0;32m  OK  [0m] Started Pollinate to seed the pseudo random number generator.
         Starting OpenBSD Secure Shell server...
[[0;32m  OK  [0m] Started OpenBSD Secure Shell server.
         Starting Time & Date Service...
[[0;32m  OK  [0m] Started Time & Date Service.
[[0;32m  OK  [0m] Created slice User Slice of vagrant.
         Starting User Manager for UID 1000...
[[0;32m  OK  [0m] Started Session 1 of user vagrant.
[[0;32m  OK  [0m] Started User Manager for UID 1000.
[[0;32m  OK  [0m] Started Wait until snapd is fully seeded.
         Starting Apply the settings specified in cloud-config...
[   20.452802] cloud-init[1608]: Cloud-init v. 23.1.2-0ubuntu0~18.04.1 running 'modules:config' at Mon, 01 Jul 2024 16:28:30 +0000. Up 19.75 seconds.
[[0;32m  OK  [0m] Started Apply the settings specified in cloud-config.
[[0;32m  OK  [0m] Reached target Multi-User System.
[[0;32m  OK  [0m] Reached target Graphical Interface.
         Starting Update UTMP about System Runlevel Changes...
         Starting Execute cloud user/final scripts...
[[0;32m  OK  [0m] Started Update UTMP about System Runlevel Changes.
ci-info: no authorized SSH keys fingerprints found for user ubuntu.
<14>Jul  1 16:28:31 cloud-init: #############################################################
<14>Jul  1 16:28:31 cloud-init: -----BEGIN SSH HOST KEY FINGERPRINTS-----
<14>Jul  1 16:28:31 cloud-init: 1024 SHA256:Co4BktJXtfjfCt2YmNVIDSdQNjVFOiyE6wCkA8syuo4 root@ubuntu-bionic (DSA)
<14>Jul  1 16:28:31 cloud-init: 256 SHA256:bxngtWM/lmU8eWCCniw90hmdm5tERHZttXzAIrBc34E root@ubuntu-bionic (ECDSA)
<14>Jul  1 16:28:31 cloud-init: 256 SHA256:Gz0sRnIMMWEnk+keoZSUvltfONzkpfpJnVJAjG1KKEA root@ubuntu-bionic (ED25519)
<14>Jul  1 16:28:31 cloud-init: 2048 SHA256:fnPuxmIWYwwFYShe9pCE0sTv2HfRGT6Gu4fzfKojj/8 root@ubuntu-bionic (RSA)
<14>Jul  1 16:28:31 cloud-init: -----END SSH HOST KEY FINGERPRINTS-----
<14>Jul  1 16:28:31 cloud-init: #############################################################
-----BEGIN SSH HOST KEY KEYS-----
ecdsa-sha2-nistp256 AAAAE2VjZHNhLXNoYTItbmlzdHAyNTYAAAAIbmlzdHAyNTYAAABBBMQ8PV1Qqdz6ZfdI+RA90dnzkfBYot6ME8k0OTPwzghS8Hm7XGLltKoeh5ggiWOr8lJ9OB+qaSxLL0LqMunFp2c= root@ubuntu-bionic
ssh-ed25519 AAAAC3NzaC1lZDI1NTE5AAAAINeTvAmhZF3SYYHG1GgLthLMB3p3zZT51BvDuqq2xaxR root@ubuntu-bionic
ssh-rsa AAAAB3NzaC1yc2EAAAADAQABAAABAQCqLFODP34Zd3ClDVC96p4bAqXxA/+xjrik9nFNZlgmHt4frM5Ve/mYCdAWfwfrD0zbmCPItT0gZi01woySAx9vWb0rcaL0HDFC0QCtrKgsAjDJNfaCI6rkMF398BaNj9gH8j+dbShVGb3ECFP/4X8dK+eCATwQIL3ksjSD6ZX6sGTq9rj75RIGx08uf/fYKap6SNrJ+pyyxv3f+eD2N9eYOUHrxTXYCCfxw678b2ZEUo9Qjc/kysYIyU6r1aLpMqTf9+uqixbdIN+k3yH9g69bRwIdzrSHHoHANn+swQ1Gd8pUKVxTn7OkMgDpXXIBA02B7j6KOteoUsmcne9kCe33 root@ubuntu-bionic
-----END SSH HOST KEY KEYS-----
[   21.048267] cloud-init[1711]: Cloud-init v. 23.1.2-0ubuntu0~18.04.1 running 'modules:final' at Mon, 01 Jul 2024 16:28:31 +0000. Up 20.89 seconds.
[   21.049445] cloud-init[1711]: Cloud-init v. 23.1.2-0ubuntu0~18.04.1 finished at Mon, 01 Jul 2024 16:28:31 +0000. Datasource DataSourceNoCloud [seed=/dev/sdb][dsmode=net].  Up 21.04 seconds
[[0;32m  OK  [0m] Started Execute cloud user/final scripts.
[[0;32m  OK  [0m] Reached target Cloud-init target.

Ubuntu 18.04.6 LTS ubuntu-bionic ttyS0

ubuntu-bionic login:          Stopping Availability of block devices...
[[0;32m  OK  [0m] Stopped target Graphical Interface.
[[0;32m  OK  [0m] Closed Load/Save RF Kill Switch Status /dev/rfkill Watch.
         Stopping Accounts Service...
[[0;32m  OK  [0m] Stopped target Host and Network Name Lookups.
[[0;32m  OK  [0m] Stopped target Cloud-init target.
         Stopping User Manager for UID 1000...
         Stopping Session 7 of user vagrant.
[[0;32m  OK  [0m] Stopped target Timers.
[[0;32m  OK  [0m] Stopped Daily Cleanup of Temporary Directories.
[[0;32m  OK  [0m] Stopped Message of the Day.
[[0;32m  OK  [0m] Stopped Ubuntu Advantage Timer for running repeated jobs.
[[0;32m  OK  [0m] Stopped Discard unused blocks once a week.
[[0;32m  OK  [0m] Stopped Daily apt upgrade and clean activities.
[[0;32m  OK  [0m] Stopped Daily apt download activities.
[[0;32m  OK  [0m] Stopped target System Time Synchronized.
[[0;32m  OK  [0m] Stopped Execute cloud user/final scripts.
[[0;32m  OK  [0m] Stopped Apply the settings specified in cloud-config.
[[0;32m  OK  [0m] Stopped target Cloud-config availability.
[[0;32m  OK  [0m] Stopped target Multi-User System.
[[0;32m  OK  [0m] Stopped Wait until snapd is fully seeded.
         Stopping D-Bus System Message Bus...
         Stopping irqbalance daemon...
[[0;32m  OK  [0m] Stopped target Login Prompts.
         Stopping Getty on tty1...
         Stopping Serial Getty on ttyS0...
         Stopping LXD - container startup/shutdown...
         Stopping LSB: automatic crash report generation...
         Stopping Dispatcher daemon for systemd-networkd...
         Stopping Virtualbox guest utils...
         Stopping Docker Application Container Engine...
         Stopping LSB: Record successful boot for GRUB...
         Stopping Deferred execution scheduler...
         Stopping FUSE filesystem for LXC...
         Stopping Ubuntu FAN network setup...
         Stopping MongoDB Database Server...
         Stopping OpenBSD Secure Shell server...
         Stopping Authorization Manager...
         Stopping Regular background program processing daemon...
         Stopping System Logging Service...
[[0;32m  OK  [0m] Unmounted /var/lib/lxcfs.
[[0;32m  OK  [0m] Stopped Accounts Service.
[[0;32m  OK  [0m] Stopped Regular background program processing daemon.
[[0;32m  OK  [0m] Stopped Dispatcher daemon for systemd-networkd.
[[0;32m  OK  [0m] Stopped Deferred execution scheduler.
[[0;32m  OK  [0m] Stopped irqbalance daemon.
[[0;32m  OK  [0m] Stopped System Logging Service.
[[0;32m  OK  [0m] Stopped Serial Getty on ttyS0.
[[0;32m  OK  [0m] Stopped Getty on tty1.
[[0;32m  OK  [0m] Stopped OpenBSD Secure Shell server.
[[0;32m  OK  [0m] Stopped User Manager for UID 1000.
[[0;32m  OK  [0m] Stopped D-Bus System Message Bus.
[[0;32m  OK  [0m] Stopped Session 7 of user vagrant.
[[0;32m  OK  [0m] Stopped Authorization Manager.
[[0;32m  OK  [0m] Stopped Docker Application Container Engine.
         Stopping containerd container runtime...
[[0;32m  OK  [0m] Removed slice User Slice of vagrant.
         Stopping Login Service...
[[0;32m  OK  [0m] Removed slice system-getty.slice.
[[0;32m  OK  [0m] Stopped target Login Prompts (Pre).
         Stopping Permit User Sessions...
[[0;32m  OK  [0m] Removed slice system-serial\x2dgetty.slice.
[[0;32m  OK  [0m] Stopped Permit User Sessions.
[[0;32m  OK  [0m] Stopped LXD - container startup/shutdown.
[[0;32m  OK  [0m] Stopped FUSE filesystem for LXC.
[[0;32m  OK  [0m] Stopped containerd container runtime.
[[0;32m  OK  [0m] Stopped LSB: Record successful boot for GRUB.
[[0;32m  OK  [0m] Stopped Ubuntu FAN network setup.
[[0;32m  OK  [0m] Stopped Virtualbox guest utils.
[[0;32m  OK  [0m] Stopped LSB: automatic crash report generation.
[[0;32m  OK  [0m] Stopped Login Service.
[[0;32m  OK  [0m] Stopped target User and Group Name Lookups.
[[0;32m  OK  [0m] Stopped target Remote File Systems.
         Unmounting /vagrant...
[[0;32m  OK  [0m] Stopped Availability of block devices.
[[0;32m  OK  [0m] Unmounted /vagrant.
[[0;32m  OK  [0m] Stopped target Network is Online.
[[0;32m  OK  [0m] Stopped target Remote File Systems (Pre).
[[0;32m  OK  [0m] Stopped MongoDB Database Server.
[[0;32m  OK  [0m] Stopped target Network.
         Stopping Network Name Resolution...
[[0;32m  OK  [0m] Stopped target Basic System.
[[0;32m  OK  [0m] Stopped target Slices.
[[0;32m  OK  [0m] Removed slice User and Session Slice.
[[0;32m  OK  [0m] Stopped target Sockets.
[[0;32m  OK  [0m] Closed Docker Socket for the API.
[[0;32m  OK  [0m] Closed ACPID Listen Socket.
[[0;32m  OK  [0m] Closed D-Bus System Message Bus Socket.
[[0;32m  OK  [0m] Closed LXD - unix socket.
[[0;32m  OK  [0m] Closed cloud-init hotplug hook socket.
[[0;32m  OK  [0m] Closed Open-iSCSI iscsid Socket.
[[0;32m  OK  [0m] Closed Socket activation for snappy daemon.
[[0;32m  OK  [0m] Closed Syslog Socket.
[[0;32m  OK  [0m] Closed UUID daemon activation socket.
[[0;32m  OK  [0m] Stopped target Paths.
[[0;32m  OK  [0m] Stopped ACPI Events Check.
[[0;32m  OK  [0m] Stopped target System Initialization.
[[0;32m  OK  [0m] Stopped target Local Encrypted Volumes.
[[0;32m  OK  [0m] Stopped Dispatch Password Requests to Console Directory Watch.
[[0;32m  OK  [0m] Stopped Forward Password Requests to Wall Directory Watch.
         Stopping Load/Save Random Seed...
[[0;32m  OK  [0m] Stopped Initial cloud-init job (metadata service crawler).
[[0;32m  OK  [0m] Stopped Wait for Network to be Configured.
         Stopping Update UTMP about System Boot/Shutdown...
[[0;32m  OK  [0m] Stopped Commit a transient machine-id on disk.
[[0;32m  OK  [0m] Stopped Network Name Resolution.
[[0;32m  OK  [0m] Stopped Load/Save Random Seed.
[[0;32m  OK  [0m] Stopped Update UTMP about System Boot/Shutdown.
[[0;32m  OK  [0m] Stopped Create Volatile Files and Directories.
[[0;32m  OK  [0m] Stopped target Local File Systems.
[[0;32m  OK  [0m] Stopped target Mounted snaps.
[[0;32m  OK  [0m] Stopped target Mounting snaps.
         Unmounting /run/user/1000...
         Stopping Network Service...
[[0;32m  OK  [0m] Unmounted /run/user/1000.
[[0;32m  OK  [0m] Reached target Unmount All Filesystems.
[[0;32m  OK  [0m] Stopped target Swap.
[[0;32m  OK  [0m] Stopped target Local File Systems (Pre).
[[0;32m  OK  [0m] Stopped Create Static Device Nodes in /dev.
         Stopping Monitoring of LVM2 mirrors…ng dmeventd or progress polling...
[[0;32m  OK  [0m] Stopped Network Service.
[[0;32m  OK  [0m] Stopped Apply Kernel Variables.
[[0;32m  OK  [0m] Stopped Load Kernel Modules.
[[0;32m  OK  [0m] Stopped target Network (Pre).
[[0;32m  OK  [0m] Stopped Initial cloud-init job (pre-networking).
[[0;32m  OK  [0m] Stopped Remount Root and Kernel File Systems.
[[0;32m  OK  [0m] Reached target Shutdown.
[[0;32m  OK  [0m] Reached target Final Step.
         Starting Power-Off...
[[0;32m  OK  [0m] Stopped Monitoring of LVM2 mirrors,…sing dmeventd or progress polling.
         Stopping LVM2 metadata daemon...
[[0;32m  OK  [0m] Stopped LVM2 metadata daemon.
[  217.012671] reboot: Power down
