[    0.000000] Linux version 4.15.0-212-generic (buildd@lcy02-amd64-083) (gcc version 7.5.0 (Ubuntu 7.5.0-3ubuntu1~18.04)) #223-Ubuntu SMP Tue May 23 13:09:22 UTC 2023 (Ubuntu 4.15.0-212.223-generic 4.15.18)
[    0.000000] Command line: BOOT_IMAGE=/boot/vmlinuz-4.15.0-212-generic root=LABEL=cloudimg-rootfs ro console=tty1 console=ttyS0
[    0.000000] KERNEL supported cpus:
[    0.000000]   Intel GenuineIntel
[    0.000000]   AMD AuthenticAMD
[    0.000000]   Centaur CentaurHauls
[    0.000000] x86/fpu: Supporting XSAVE feature 0x001: 'x87 floating point registers'
[    0.000000] x86/fpu: Supporting XSAVE feature 0x002: 'SSE registers'
[    0.000000] x86/fpu: Supporting XSAVE feature 0x004: 'AVX registers'
[    0.000000] x86/fpu: xstate_offset[2]:  576, xstate_sizes[2]:  256
[    0.000000] x86/fpu: Enabled xstate features 0x7, context size is 832 bytes, using 'standard' format.
[    0.000000] e820: BIOS-provided physical RAM map:
[    0.000000] BIOS-e820: [mem 0x0000000000000000-0x000000000009fbff] usable
[    0.000000] BIOS-e820: [mem 0x000000000009fc00-0x000000000009ffff] reserved
[    0.000000] BIOS-e820: [mem 0x00000000000f0000-0x00000000000fffff] reserved
[    0.000000] BIOS-e820: [mem 0x0000000000100000-0x00000000dffeffff] usable
[    0.000000] BIOS-e820: [mem 0x00000000dfff0000-0x00000000dfffffff] ACPI data
[    0.000000] BIOS-e820: [mem 0x00000000fec00000-0x00000000fec00fff] reserved
[    0.000000] BIOS-e820: [mem 0x00000000fee00000-0x00000000fee00fff] reserved
[    0.000000] BIOS-e820: [mem 0x00000000fffc0000-0x00000000ffffffff] reserved
[    0.000000] BIOS-e820: [mem 0x0000000100000000-0x000000019fffffff] usable
[    0.000000] NX (Execute Disable) protection: active
[    0.000000] SMBIOS 2.5 present.
[    0.000000] DMI: innotek GmbH VirtualBox/VirtualBox, BIOS VirtualBox 12/01/2006
[    0.000000] Hypervisor detected: KVM
[    0.000000] e820: last_pfn = 0x1a0000 max_arch_pfn = 0x400000000
[    0.000000] MTRR: Disabled
[    0.000000] x86/PAT: MTRRs disabled, skipping PAT initialization too.
[    0.000000] CPU MTRRs all blank - virtualized system.
[    0.000000] x86/PAT: Configuration [0-7]: WB  WT  UC- UC  WB  WT  UC- UC  
[    0.000000] e820: last_pfn = 0xdfff0 max_arch_pfn = 0x400000000
[    0.000000] found SMP MP-table at [mem 0x0009fff0-0x0009ffff]
[    0.000000] Scanning 1 areas for low memory corruption
[    0.000000] RAMDISK: [mem 0x359cb000-0x36cdcfff]
[    0.000000] ACPI: Early table checksum verification disabled
[    0.000000] ACPI: RSDP 0x00000000000E0000 000024 (v02 VBOX  )
[    0.000000] ACPI: XSDT 0x00000000DFFF0030 00003C (v01 VBOX   VBOXXSDT 00000001 ASL  00000061)
[    0.000000] ACPI: FACP 0x00000000DFFF00F0 0000F4 (v04 VBOX   VBOXFACP 00000001 ASL  00000061)
[    0.000000] ACPI: DSDT 0x00000000DFFF0470 002325 (v02 VBOX   VBOXBIOS 00000002 INTL 20200925)
[    0.000000] ACPI: FACS 0x00000000DFFF0200 000040
[    0.000000] ACPI: FACS 0x00000000DFFF0200 000040
[    0.000000] ACPI: APIC 0x00000000DFFF0240 00005C (v02 VBOX   VBOXAPIC 00000001 ASL  00000061)
[    0.000000] ACPI: SSDT 0x00000000DFFF02A0 0001CC (v01 VBOX   VBOXCPUT 00000002 INTL 20200925)
[    0.000000] ACPI: Reserving FACP table memory at [mem 0xdfff00f0-0xdfff01e3]
[    0.000000] ACPI: Reserving DSDT table memory at [mem 0xdfff0470-0xdfff2794]
[    0.000000] ACPI: Reserving FACS table memory at [mem 0xdfff0200-0xdfff023f]
[    0.000000] ACPI: Reserving FACS table memory at [mem 0xdfff0200-0xdfff023f]
[    0.000000] ACPI: Reserving APIC table memory at [mem 0xdfff0240-0xdfff029b]
[    0.000000] ACPI: Reserving SSDT table memory at [mem 0xdfff02a0-0xdfff046b]
[    0.000000] No NUMA configuration found
[    0.000000] Faking a node at [mem 0x0000000000000000-0x000000019fffffff]
[    0.000000] NODE_DATA(0) allocated [mem 0x19ffd3000-0x19fffdfff]
[    0.000000] kvm-clock: cpu 0, msr 1:9ff52001, primary cpu clock
[    0.000000] kvm-clock: Using msrs 4b564d01 and 4b564d00
[    0.000000] kvm-clock: using sched offset of 3219130295 cycles
[    0.000000] clocksource: kvm-clock: mask: 0xffffffffffffffff max_cycles: 0x1cd42e4dffb, max_idle_ns: 881590591483 ns
[    0.000000] Zone ranges:
[    0.000000]   DMA      [mem 0x0000000000001000-0x0000000000ffffff]
[    0.000000]   DMA32    [mem 0x0000000001000000-0x00000000ffffffff]
[    0.000000]   Normal   [mem 0x0000000100000000-0x000000019fffffff]
[    0.000000]   Device   empty
[    0.000000] Movable zone start for each node
[    0.000000] Early memory node ranges
[    0.000000]   node   0: [mem 0x0000000000001000-0x000000000009efff]
[    0.000000]   node   0: [mem 0x0000000000100000-0x00000000dffeffff]
[    0.000000]   node   0: [mem 0x0000000100000000-0x000000019fffffff]
[    0.000000] Reserved but unavailable: 104 pages
[    0.000000] Initmem setup node 0 [mem 0x0000000000001000-0x000000019fffffff]
[    0.000000] ACPI: PM-Timer IO Port: 0x4008
[    0.000000] IOAPIC[0]: apic_id 2, version 32, address 0xfec00000, GSI 0-23
[    0.000000] ACPI: INT_SRC_OVR (bus 0 bus_irq 0 global_irq 2 dfl dfl)
[    0.000000] ACPI: INT_SRC_OVR (bus 0 bus_irq 9 global_irq 9 low level)
[    0.000000] Using ACPI (MADT) for SMP configuration information
[    0.000000] smpboot: Allowing 2 CPUs, 0 hotplug CPUs
[    0.000000] PM: Registered nosave memory: [mem 0x00000000-0x00000fff]
[    0.000000] PM: Registered nosave memory: [mem 0x0009f000-0x0009ffff]
[    0.000000] PM: Registered nosave memory: [mem 0x000a0000-0x000effff]
[    0.000000] PM: Registered nosave memory: [mem 0x000f0000-0x000fffff]
[    0.000000] PM: Registered nosave memory: [mem 0xdfff0000-0xdfffffff]
[    0.000000] PM: Registered nosave memory: [mem 0xe0000000-0xfebfffff]
[    0.000000] PM: Registered nosave memory: [mem 0xfec00000-0xfec00fff]
[    0.000000] PM: Registered nosave memory: [mem 0xfec01000-0xfedfffff]
[    0.000000] PM: Registered nosave memory: [mem 0xfee00000-0xfee00fff]
[    0.000000] PM: Registered nosave memory: [mem 0xfee01000-0xfffbffff]
[    0.000000] PM: Registered nosave memory: [mem 0xfffc0000-0xffffffff]
[    0.000000] e820: [mem 0xe0000000-0xfebfffff] available for PCI devices
[    0.000000] Booting paravirtualized kernel on KVM
[    0.000000] clocksource: refined-jiffies: mask: 0xffffffff max_cycles: 0xffffffff, max_idle_ns: 7645519600211568 ns
[    0.000000] setup_percpu: NR_CPUS:8192 nr_cpumask_bits:2 nr_cpu_ids:2 nr_node_ids:1
[    0.000000] percpu: Embedded 50 pages/cpu s167936 r8192 d28672 u1048576
[    0.000000] PV qspinlock hash table entries: 256 (order: 0, 4096 bytes)
[    0.000000] Built 1 zonelists, mobility grouping on.  Total pages: 1548153
[    0.000000] Policy zone: Normal
[    0.000000] Kernel command line: BOOT_IMAGE=/boot/vmlinuz-4.15.0-212-generic root=LABEL=cloudimg-rootfs ro console=tty1 console=ttyS0
[    0.000000] Memory: 6077644K/6291000K available (12300K kernel code, 2477K rwdata, 4324K rodata, 2480K init, 2720K bss, 213356K reserved, 0K cma-reserved)
[    0.000000] SLUB: HWalign=64, Order=0-3, MinObjects=0, CPUs=2, Nodes=1
[    0.000000] Kernel/User page tables isolation: enabled
[    0.000000] ftrace: allocating 39508 entries in 155 pages
[    0.004000] Hierarchical RCU implementation.
[    0.004000] 	RCU restricting CPUs from NR_CPUS=8192 to nr_cpu_ids=2.
[    0.004000] 	Tasks RCU enabled.
[    0.004000] RCU: Adjusting geometry for rcu_fanout_leaf=16, nr_cpu_ids=2
[    0.004000] NR_IRQS: 524544, nr_irqs: 440, preallocated irqs: 16
[    0.004000] random: crng init done
[    0.004000] Console: colour VGA+ 80x25
[    0.004000] console [tty1] enabled
[    0.004000] console [ttyS0] enabled
[    0.004000] ACPI: Core revision 20170831
[    0.004000] ACPI: 2 ACPI AML tables successfully acquired and loaded
[    0.004000] APIC: Switch to symmetric I/O mode setup
[    0.004000] x2apic enabled
[    0.004000] Switched APIC routing to physical x2apic.
[    0.004000] ..TIMER: vector=0x30 apic1=0 pin1=2 apic2=-1 pin2=-1
[    0.004000] tsc: Detected 3591.658 MHz processor
[    0.004019] Calibrating delay loop (skipped) preset value.. 7183.31 BogoMIPS (lpj=14366632)
[    0.005384] pid_max: default: 32768 minimum: 301
[    0.006126] Security Framework initialized
[    0.008003] Yama: becoming mindful.
[    0.008592] AppArmor: AppArmor initialized
[    0.012053] Dentry cache hash table entries: 1048576 (order: 11, 8388608 bytes)
[    0.014682] Inode-cache hash table entries: 524288 (order: 10, 4194304 bytes)
[    0.015847] Mount-cache hash table entries: 16384 (order: 5, 131072 bytes)
[    0.016015] Mountpoint-cache hash table entries: 16384 (order: 5, 131072 bytes)
[    0.017407] Last level iTLB entries: 4KB 1024, 2MB 1024, 4MB 1024
[    0.018298] Last level dTLB entries: 4KB 1024, 2MB 1024, 4MB 1024, 1GB 4
[    0.020002] Spectre V1 : Mitigation: usercopy/swapgs barriers and __user pointer sanitization
[    0.021270] Spectre V2 : Mitigation: Retpolines
[    0.022033] Spectre V2 : Spectre v2 / SpectreRSB mitigation: Filling RSB on context switch
[    0.023336] Spectre V2 : Spectre v2 / SpectreRSB : Filling RSB on VMEXIT
[    0.024003] Speculative Store Bypass: Vulnerable
[    0.024851] MDS: Mitigation: Clear CPU buffers
[    0.025591] MMIO Stale Data: Unknown: No mitigations
[    0.026345] SRBDS: Unknown: Dependent on hypervisor status
[    0.027330] Freeing SMP alternatives memory: 36K
[    0.138923] smpboot: CPU0: Intel(R) Core(TM) i7-4790 CPU @ 3.60GHz (family: 0x6, model: 0x3c, stepping: 0x3)
[    0.140000] Performance Events: unsupported p6 CPU model 60 no PMU driver, software events only.
[    0.140000] Hierarchical SRCU implementation.
[    0.140182] NMI watchdog: Perf event create on CPU 0 failed with -2
[    0.141098] NMI watchdog: Perf NMI watchdog permanently disabled
[    0.142509] smp: Bringing up secondary CPUs ...
[    0.143339] x86: Booting SMP configuration:
[    0.144002] .... node  #0, CPUs:      #1
[    0.004000] kvm-clock: cpu 1, msr 1:9ff52041, secondary cpu clock
[    0.147241] smp: Brought up 1 node, 2 CPUs
[    0.148005] smpboot: Max logical packages: 1
[    0.148723] smpboot: Total of 2 processors activated (14366.63 BogoMIPS)
[    0.150088] devtmpfs: initialized
[    0.150088] x86/mm: Memory block size: 128MB
[    0.152033] evm: security.selinux
[    0.152665] evm: security.SMACK64
[    0.153215] evm: security.SMACK64EXEC
[    0.153803] evm: security.SMACK64TRANSMUTE
[    0.154451] evm: security.SMACK64MMAP
[    0.155091] evm: security.apparmor
[    0.155661] evm: security.ima
[    0.156003] evm: security.capability
[    0.156622] clocksource: jiffies: mask: 0xffffffff max_cycles: 0xffffffff, max_idle_ns: 7645041785100000 ns
[    0.157397] futex hash table entries: 512 (order: 3, 32768 bytes)
[    0.158386] pinctrl core: initialized pinctrl subsystem
[    0.160088] RTC time: 17:51:44, date: 07/01/24
[    0.160945] NET: Registered protocol family 16
[    0.161707] audit: initializing netlink subsys (disabled)
[    0.162595] audit: type=2000 audit(1719856309.144:1): state=initialized audit_enabled=0 res=1
[    0.162595] cpuidle: using governor ladder
[    0.164017] cpuidle: using governor menu
[    0.164645] ACPI: bus type PCI registered
[    0.165258] acpiphp: ACPI Hot Plug PCI Controller Driver version: 0.5
[    0.166317] PCI: Using configuration type 1 for base access
[    0.168481] HugeTLB registered 2.00 MiB page size, pre-allocated 0 pages
[    0.169027] ACPI: Added _OSI(Module Device)
[    0.169027] ACPI: Added _OSI(Processor Device)
[    0.169439] ACPI: Added _OSI(3.0 _SCP Extensions)
[    0.172003] ACPI: Added _OSI(Processor Aggregator Device)
[    0.172850] ACPI: Added _OSI(Linux-Dell-Video)
[    0.173548] ACPI: Added _OSI(Linux-Lenovo-NV-HDMI-Audio)
[    0.174399] ACPI: Added _OSI(Linux-HPI-Hybrid-Graphics)
[    0.175439] ACPI: Executed 1 blocks of module-level executable AML code
[    0.178428] ACPI: Interpreter enabled
[    0.179105] ACPI: (supports S0 S5)
[    0.180002] ACPI: Using IOAPIC for interrupt routing
[    0.180899] PCI: Using host bridge windows from ACPI; if necessary, use "pci=nocrs" and report a bug
[    0.182925] ACPI: Enabled 2 GPEs in block 00 to 07
[    0.187888] ACPI: PCI Root Bridge [PCI0] (domain 0000 [bus 00-ff])
[    0.188006] acpi PNP0A03:00: _OSC: OS supports [ASPM ClockPM Segments MSI]
[    0.189476] acpi PNP0A03:00: _OSC: not requesting OS control; OS requires [ExtendedConfig ASPM ClockPM MSI]
[    0.192014] acpi PNP0A03:00: fail to add MMCONFIG information, can't access extended PCI configuration space under this bridge.
[    0.193865] PCI host bridge to bus 0000:00
[    0.194522] pci_bus 0000:00: root bus resource [io  0x0000-0x0cf7 window]
[    0.196003] pci_bus 0000:00: root bus resource [io  0x0d00-0xffff window]
[    0.196986] pci_bus 0000:00: root bus resource [mem 0x000a0000-0x000bffff window]
[    0.198076] pci_bus 0000:00: root bus resource [mem 0xe0000000-0xfdffffff window]
[    0.199228] pci_bus 0000:00: root bus resource [bus 00-ff]
[    0.201228] pci 0000:00:01.1: legacy IDE quirk: reg 0x10: [io  0x01f0-0x01f7]
[    0.202242] pci 0000:00:01.1: legacy IDE quirk: reg 0x14: [io  0x03f6]
[    0.203248] pci 0000:00:01.1: legacy IDE quirk: reg 0x18: [io  0x0170-0x0177]
[    0.204002] pci 0000:00:01.1: legacy IDE quirk: reg 0x1c: [io  0x0376]
[    0.273247] pci 0000:00:07.0: quirk: [io  0x4000-0x403f] claimed by PIIX4 ACPI
[    0.276011] pci 0000:00:07.0: quirk: [io  0x4100-0x410f] claimed by PIIX4 SMB
[    0.300356] ACPI: PCI Interrupt Link [LNKA] (IRQs 5 9 10 *11)
[    0.301456] ACPI: PCI Interrupt Link [LNKB] (IRQs 5 9 *10 11)
[    0.302452] ACPI: PCI Interrupt Link [LNKC] (IRQs 5 *9 10 11)
[    0.304000] ACPI: PCI Interrupt Link [LNKD] (IRQs 5 9 10 *11)
[    0.304837] SCSI subsystem initialized
[    0.305510] pci 0000:00:02.0: vgaarb: setting as boot VGA device
[    0.305510] pci 0000:00:02.0: vgaarb: VGA device added: decodes=io+mem,owns=io+mem,locks=none
[    0.308009] pci 0000:00:02.0: vgaarb: bridge control possible
[    0.308940] vgaarb: loaded
[    0.309469] ACPI: bus type USB registered
[    0.312031] usbcore: registered new interface driver usbfs
[    0.312862] usbcore: registered new interface driver hub
[    0.313664] usbcore: registered new device driver usb
[    0.314336] EDAC MC: Ver: 3.0.0
[    0.314336] PCI: Using ACPI for IRQ routing
[    0.316141] NetLabel: Initializing
[    0.316581] NetLabel:  domain hash size = 128
[    0.317091] NetLabel:  protocols = UNLABELED CIPSOv4 CALIPSO
[    0.317742] NetLabel:  unlabeled traffic allowed by default
[    0.318456] clocksource: Switched to clocksource kvm-clock
[    0.325707] VFS: Disk quotas dquot_6.6.0
[    0.326274] VFS: Dquot-cache hash table entries: 512 (order 0, 4096 bytes)
[    0.327139] AppArmor: AppArmor Filesystem Enabled
[    0.327807] pnp: PnP ACPI init
[    0.329231] pnp: PnP ACPI: found 3 devices
[    0.339309] clocksource: acpi_pm: mask: 0xffffff max_cycles: 0xffffff, max_idle_ns: 2085701024 ns
[    0.340518] NET: Registered protocol family 2
[    0.341168] IP idents hash table entries: 131072 (order: 8, 1048576 bytes)
[    0.342801] TCP established hash table entries: 65536 (order: 7, 524288 bytes)
[    0.344313] TCP bind hash table entries: 65536 (order: 8, 1048576 bytes)
[    0.345209] TCP: Hash tables configured (established 65536 bind 65536)
[    0.346308] UDP hash table entries: 4096 (order: 5, 131072 bytes)
[    0.347199] UDP-Lite hash table entries: 4096 (order: 5, 131072 bytes)
[    0.348264] NET: Registered protocol family 1
[    0.348949] pci 0000:00:00.0: Limiting direct PCI/PCI transfers
[    0.349807] pci 0000:00:01.0: Activating ISA DMA hang workarounds
[    0.350690] pci 0000:00:02.0: Video device with shadowed ROM at [mem 0x000c0000-0x000dffff]
[    0.352067] Unpacking initramfs...
[    0.566258] Freeing initrd memory: 19528K
[    0.567100] PCI-DMA: Using software bounce buffering for IO (SWIOTLB)
[    0.568141] software IO TLB: mapped [mem 0xdbff0000-0xdfff0000] (64MB)
[    0.569098] clocksource: tsc: mask: 0xffffffffffffffff max_cycles: 0x33c58b1c362, max_idle_ns: 440795358780 ns
[    0.570514] platform rtc_cmos: registered platform RTC device (no PNP device found)
[    0.571699] Scanning for low memory corruption every 60 seconds
[    0.573255] Initialise system trusted keyrings
[    0.573977] Key type blacklist registered
[    0.574726] workingset: timestamp_bits=36 max_order=21 bucket_order=0
[    0.576431] zbud: loaded
[    0.577318] squashfs: version 4.0 (2009/01/31) Phillip Lougher
[    0.578375] fuse init (API version 7.26)
[    0.581012] Key type asymmetric registered
[    0.581722] Asymmetric key parser 'x509' registered
[    0.582506] Block layer SCSI generic (bsg) driver version 0.4 loaded (major 246)
[    0.583654] io scheduler noop registered
[    0.584305] io scheduler deadline registered
[    0.585025] io scheduler cfq registered (default)
[    0.586021] ACPI: AC Adapter [AC] (on-line)
[    0.586842] input: Power Button as /devices/LNXSYSTM:00/LNXPWRBN:00/input/input0
[    0.588071] ACPI: Power Button [PWRF]
[    0.588709] input: Sleep Button as /devices/LNXSYSTM:00/LNXSLPBN:00/input/input1
[    0.589959] ACPI: Sleep Button [SLPF]
[    0.590851] Serial: 8250/16550 driver, 32 ports, IRQ sharing enabled
[    0.612281] 00:02: ttyS0 at I/O 0x3f8 (irq = 4, base_baud = 115200) is a 16550A
[    0.615224] Linux agpgart interface v0.103
[    0.617493] loop: module loaded
[    0.618467] scsi host0: ata_piix
[    0.619150] scsi host1: ata_piix
[    0.619770] ata1: PATA max UDMA/33 cmd 0x1f0 ctl 0x3f6 bmdma 0xd000 irq 14
[    0.620857] ata2: PATA max UDMA/33 cmd 0x170 ctl 0x376 bmdma 0xd008 irq 15
[    0.622028] tun: Universal TUN/TAP device driver, 1.6
[    0.622922] PPP generic driver version 2.4.2
[    0.623732] ehci_hcd: USB 2.0 'Enhanced' Host Controller (EHCI) Driver
[    0.624731] ehci-pci: EHCI PCI platform driver
[    0.625445] ehci-platform: EHCI generic platform driver
[    0.626207] ohci_hcd: USB 1.1 'Open' Host Controller (OHCI) Driver
[    0.627085] ohci-pci: OHCI PCI platform driver
[    0.627821] ohci-platform: OHCI generic platform driver
[    0.628658] uhci_hcd: USB Universal Host Controller Interface driver
[    0.629601] i8042: PNP: PS/2 Controller [PNP0303:PS2K,PNP0f03:PS2M] at 0x60,0x64 irq 1,12
[    0.631121] serio: i8042 KBD port at 0x60,0x64 irq 1
[    0.632017] serio: i8042 AUX port at 0x60,0x64 irq 12
[    0.632953] mousedev: PS/2 mouse device common for all mice
[    0.634307] input: AT Translated Set 2 keyboard as /devices/platform/i8042/serio0/input/input2
[    0.635606] rtc_cmos rtc_cmos: rtc core: registered rtc_cmos as rtc0
[    0.636763] rtc_cmos rtc_cmos: alarms up to one day, 114 bytes nvram
[    0.637705] i2c /dev entries driver
[    0.638310] device-mapper: uevent: version 1.0.3
[    0.639149] device-mapper: ioctl: 4.37.0-ioctl (2017-09-20) initialised: dm-devel@redhat.com
[    0.640491] ledtrig-cpu: registered to indicate activity on CPUs
[    0.641802] NET: Registered protocol family 10
[    0.645483] Segment Routing with IPv6
[    0.646095] NET: Registered protocol family 17
[    0.646821] Key type dns_resolver registered
[    0.647764] mce: Using 0 MCE banks
[    0.648362] RAS: Correctable Errors collector initialized.
[    0.649206] sched_clock: Marking stable (648348055, 0)->(835729506, -187381451)
[    0.650729] registered taskstats version 1
[    0.651439] Loading compiled-in X.509 certificates
[    0.653967] Loaded X.509 cert 'Build time autogenerated kernel key: b5b26778eaa3ab3a4a6cee031137706e947d12ad'
[    0.655836] Loaded X.509 cert 'Canonical Ltd. Live Patch Signing: 14df34d1a87cf37625abec039ef2bf521249b969'
[    0.657811] Loaded X.509 cert 'Canonical Ltd. Kernel Module Signing: 88f752e560a1e0737e31163a466ad7b70a850c19'
[    0.659165] blacklist: Loading compiled-in revocation X.509 certificates
[    0.660228] Loaded X.509 cert 'Canonical Ltd. Secure Boot Signing: 61482aa2830d0ab2ad5af10b7250da9033ddcef0'
[    0.661658] Loaded X.509 cert 'Canonical Ltd. Secure Boot Signing (2017): 242ade75ac4a15e50d50c84b0d45ff3eae707a03'
[    0.663157] Loaded X.509 cert 'Canonical Ltd. Secure Boot Signing (ESM 2018): 365188c1d374d6b07c3c8f240f8ef722433d6a8b'
[    0.664695] Loaded X.509 cert 'Canonical Ltd. Secure Boot Signing (2019): c0746fd6c5da3ae827864651ad66ae47fe24b3e8'
[    0.666157] Loaded X.509 cert 'Canonical Ltd. Secure Boot Signing (2021 v1): a8d54bbb3825cfb94fa13c9f8a594a195c107b8d'
[    0.667710] Loaded X.509 cert 'Canonical Ltd. Secure Boot Signing (2021 v2): 4cf046892d6fd3c9a5b03f98d845f90851dc6a8c'
[    0.669287] Loaded X.509 cert 'Canonical Ltd. Secure Boot Signing (2021 v3): 100437bb6de6e469b581e61cd66bce3ef4ed53af'
[    0.670821] Loaded X.509 cert 'Canonical Ltd. Secure Boot Signing (Ubuntu Core 2019): c1d57b8f6b743f23ee41f4f7ee292f06eecadfb9'
[    0.672613] zswap: loaded using pool lzo/zbud
[    0.675917] Key type big_key registered
[    0.676541] Key type trusted registered
[    0.678413] Key type encrypted registered
[    0.679133] AppArmor: AppArmor sha1 policy hashing enabled
[    0.680072] ima: No TPM chip found, activating TPM-bypass! (rc=-19)
[    0.680985] ima: Allocated hash algorithm: sha1
[    0.681802] evm: HMAC attrs: 0x1
[    0.682471]   Magic number: 0:224:895
[    0.683144] rtc_cmos rtc_cmos: setting system clock to 2024-07-01 17:51:45 UTC (1719856305)
[    0.684512] BIOS EDD facility v0.16 2004-Jun-25, 0 devices found
[    0.685366] EDD information not available.
[    0.804409] Freeing unused kernel image memory: 2480K
[    1.498969] Write protecting the kernel read-only data: 20480k
[    1.500279] Freeing unused kernel image memory: 2008K
[    1.501154] Freeing unused kernel image memory: 1820K
[    1.506635] x86/mm: Checked W+X mappings: passed, no W+X pages found.
[    1.507459] x86/mm: Checking user space page tables
[    1.512864] x86/mm: Checked W+X mappings: passed, no W+X pages found.
Loading, please wait...
starting version 237
[    1.579613] Fusion MPT base driver 3.04.20
[    1.580433] Copyright (c) 1999-2008 LSI Corporation
[    1.593774] e1000: Intel(R) PRO/1000 Network Driver - version 7.3.21-k8-NAPI
[    1.594925] e1000: Copyright (c) 1999-2006 Intel Corporation.
[    1.603360] AVX2 version of gcm_enc/dec engaged.
[    1.604018] AES CTR mode by8 optimization enabled
[    1.616976] Fusion MPT SPI Host driver 3.04.20
[    1.815752] input: ImExPS/2 Generic Explorer Mouse as /devices/platform/i8042/serio1/input/input4
[    2.425407] e1000 0000:00:03.0 eth0: (PCI:33MHz:32-bit) 02:3b:7b:b7:3b:2d
[    2.426551] e1000 0000:00:03.0 eth0: Intel(R) PRO/1000 Network Connection
[    2.428200] mptbase: ioc0: Initiating bringup
[    2.429350] e1000 0000:00:03.0 enp0s3: renamed from eth0
[    3.583707] ioc0: LSI53C1030 A0: Capabilities={Initiator}
[    8.157280] scsi host2: ioc0: LSI53C1030 A0, FwRev=00000000h, Ports=1, MaxQ=256, IRQ=20
[    9.629898] scsi 2:0:0:0: Direct-Access     VBOX     HARDDISK         1.0  PQ: 0 ANSI: 5
[    9.660111] scsi target2:0:0: Beginning Domain Validation
[    9.661996] scsi target2:0:0: Domain Validation skipping write tests
[    9.663022] scsi target2:0:0: Ending Domain Validation
[    9.663928] scsi target2:0:0: asynchronous
[    9.665156] scsi 2:0:1:0: Direct-Access     VBOX     HARDDISK         1.0  PQ: 0 ANSI: 5
[    9.696105] scsi target2:0:1: Beginning Domain Validation
[    9.698206] scsi target2:0:1: Domain Validation skipping write tests
[    9.699071] scsi target2:0:1: Ending Domain Validation
[    9.699838] scsi target2:0:1: asynchronous
[    9.707409] sd 2:0:0:0: Attached scsi generic sg0 type 0
[    9.707501] sd 2:0:0:0: [sda] 83886080 512-byte logical blocks: (42.9 GB/40.0 GiB)
[    9.708556] sd 2:0:1:0: Attached scsi generic sg1 type 0
[    9.709627] sd 2:0:0:0: [sda] Write Protect is off
[    9.711598] sd 2:0:1:0: [sdb] 20480 512-byte logical blocks: (10.5 MB/10.0 MiB)
[    9.711598] sd 2:0:0:0: [sda] Incomplete mode parameter data
[    9.713735] sd 2:0:0:0: [sda] Assuming drive cache: write through
[    9.713749] sd 2:0:1:0: [sdb] Write Protect is off
[    9.715464] sd 2:0:1:0: [sdb] Incomplete mode parameter data
[    9.716539] sd 2:0:1:0: [sdb] Assuming drive cache: write through
[    9.716591]  sda: sda1
[    9.718817] sd 2:0:0:0: [sda] Attached SCSI disk
[    9.720759] sd 2:0:1:0: [sdb] Attached SCSI disk
Begin: Loading essential drivers ... [   11.903712] raid6: sse2x1   gen() 13344 MB/s
[   11.952047] raid6: sse2x1   xor()  8784 MB/s
[   12.000056] raid6: sse2x2   gen() 14325 MB/s
[   12.048059] raid6: sse2x2   xor()  9008 MB/s
[   12.096043] raid6: sse2x4   gen() 15048 MB/s
[   12.144039] raid6: sse2x4   xor() 10717 MB/s
[   12.192057] raid6: avx2x1   gen() 24651 MB/s
[   12.240049] raid6: avx2x1   xor() 16909 MB/s
[   12.288059] raid6: avx2x2   gen() 29009 MB/s
[   12.336057] raid6: avx2x2   xor() 17721 MB/s
[   12.384053] raid6: avx2x4   gen() 31584 MB/s
[   12.432049] raid6: avx2x4   xor() 20587 MB/s
[   12.432720] raid6: using algorithm avx2x4 gen() 31584 MB/s
[   12.433533] raid6: .... xor() 20587 MB/s, rmw enabled
[   12.434169] raid6: using avx2x2 recovery algorithm
[   12.435627] xor: automatically using best checksumming function   avx       
[   12.437542] async_tx: api initialized (async)
done.
Begin: Running /scripts/init-premount ... done.
Begin: Mounting root file system ... Begin: Running /scripts/local-top ... done.
Begin: Running /scripts/local-premount ... [   12.473920] Btrfs loaded, crc32c=crc32c-intel
Scanning for Btrfs filesystems
done.
Warning: fsck not present, so skipping root file system
[   12.513766] EXT4-fs (sda1): mounted filesystem with ordered data mode. Opts: (null)
done.
Begin: Running /scripts/local-bottom ... done.
Begin: Running /scripts/init-bottom ... done.
[   12.964986] ip_tables: (C) 2000-2006 Netfilter Core Team
[   13.007018] systemd[1]: systemd 237 running in system mode. (+PAM +AUDIT +SELINUX +IMA +APPARMOR +SMACK +SYSVINIT +UTMP +LIBCRYPTSETUP +GCRYPT +GNUTLS +ACL +XZ +LZ4 +SECCOMP +BLKID +ELFUTILS +KMOD -IDN2 +IDN -PCRE2 default-hierarchy=hybrid)
[   13.010645] systemd[1]: Detected virtualization oracle.
[   13.011595] systemd[1]: Detected architecture x86-64.

Welcome to [1mUbuntu 18.04.6 LTS[0m!

[   13.029882] systemd[1]: Set hostname to <ubuntu-bionic>.
[   13.655398] systemd[1]: Reached target Swap.
[[0;32m  OK  [0m] Reached target Swap.
[   13.657976] systemd[1]: Created slice User and Session Slice.
[[0;32m  OK  [0m] Created slice User and Session Slice.
[   13.659295] systemd[1]: Started Forward Password Requests to Wall Directory Watch.
[[0;32m  OK  [0m] Started Forward Password Requests to Wall Directory Watch.
[   13.660883] systemd[1]: Reached target Mounting snaps.
[[0;32m  OK  [0m] Reached target Mounting snaps.
[   13.662440] systemd[1]: Created slice System Slice.
[[0;32m  OK  [0m] Created slice System Slice.
[   14.583970] systemd[1]: Listening on udev Kernel Socket.
[[0;32m  OK  [0m] Listening on udev Kernel Socket.
[[0;32m  OK  [0m] Listening on Network Service Netlink Socket.
[[0;32m  OK  [0m] Created slice system-serial\x2dgetty.slice.
[[0;32m  OK  [0m] Listening on Journal Audit Socket.
[[0;32m  OK  [0m] Listening on Journal Socket.
[[0;32m  OK  [0m] Listening on fsck to fsckd communication Socket.
         Starting Set the console keyboard layout...
[[0;32m  OK  [0m] Listening on Device-mapper event daemon FIFOs.
         Mounting POSIX Message Queue File System...
         Mounting Kernel Debug File System...
[[0;32m  OK  [0m] Listening on LVM2 poll daemon socket.
[[0;32m  OK  [0m] Reached target Slices.
[[0;32m  OK  [0m] Listening on /dev/initctl Compatibility Named Pipe.
[[0;32m  OK  [0m] Reached target System Time Synchronized.
[[0;32m  OK  [0m] Reached target User and Group Name Lookups.
         Starting Create list of required st…ce nodes for the current kernel...
[[0;32m  OK  [0m] Reached target Mounted snaps.
         Starting File System Check on Root Device...
         Starting Load Kernel Modules...
[[0;32m  OK  [0m] Listening on Syslog Socket.
[[0;32m  OK  [0m] Listening on Journal Socket (/dev/log).
         Starting Journal Service...
[[0;32m  OK  [0m] Listening on LVM2 metadata daemon socket.
         Starting Monitoring of LVM2 mirrors…ng dmeventd or progress polling...
[[0;32m  OK  [0m] Listening on udev Control Socket.
         Starting udev Coldplug all Devices...
         Mounting Huge Pages File System...
[[0;32m  OK  [0m] Set up automount Arbitrary Executab…rmats File System Automount Point.
[   14.691814] Loading iSCSI transport class v2.0-870.
         Starting Uncomplicated firewall...
[[0;32m  OK  [0m] Started Journal Service.
[[0;32m  OK  [0m] Mounted POSIX Message Queue File System.
[[0;32m  OK  [0m] Mounted Kernel Debug File System.
[[0;32m  OK  [0m] Started Create list of required sta…vice nodes for the current kernel.
[[0;32m  OK  [0m] Mounted Huge Pages File System.
         Starting Create Static Device Nodes in /dev...
[[0;32m  OK  [0m] Started File System Check Daemon to report status.
[[0;32m  OK  [0m] Started udev Coldplug all Devices.
[[0;32m  OK  [0m] Started File System Check on Root Device.
         Starting Remount Root and Kernel File Systems...
[[0;32m  OK  [0m] Started LVM2 metadata daemon.
[   14.890387] iscsi: registered transport (tcp)
[[0;32m  OK  [0m] Started Set the console keyboard layout.
[[0;32m  OK  [0m] Started Uncomplicated firewall.
[   15.008810] EXT4-fs (sda1): re-mounted. Opts: (null)
[[0;32m  OK  [0m] Started Remount Root and Kernel File Systems.
         Starting Load/Save Random Seed...
         Starting Flush Journal to Persistent Storage...
[[0;32m  OK  [0m] Started Monitoring of LVM2 mirrors,…sing dmeventd or progress polling.
[[0;32m  OK  [0m] Started Create Static Device Nodes in /dev.
[[0;32m  OK  [0m] Started Load/Save Random Seed.
         Starting udev Kernel Device Manager...
[[0;32m  OK  [0m] Reached target Local File Systems (Pre).
[[0;32m  OK  [0m] Reached target Local File Systems.
         Starting ebtables ruleset management...
         Starting Tell Plymouth To Write Out Runtime Data...
         Starting AppArmor initialization...
         Starting Set console font and keymap...
[   15.080676] systemd-journald[402]: Received request to flush runtime journal from PID 1
[   15.090714] iscsi: registered transport (iser)
[[0;32m  OK  [0m] Started Load Kernel Modules.
         Mounting FUSE Control File System...
         Mounting Kernel Configuration File System...
         Starting Apply Kernel Variables...
[[0;32m  OK  [0m] Mounted Kernel Configuration File System.
[[0;32m  OK  [0m] Mounted FUSE Control File System.
[[0;32m  OK  [0m] Started Tell Plymouth To Write Out Runtime Data.
[[0;32m  OK  [0m] Started Set console font and keymap.
[[0;32m  OK  [0m] Started udev Kernel Device Manager.
[[0;32m  OK  [0m] Started Dispatch Password Requests to Console Directory Watch.
[[0;32m  OK  [0m] Reached target Local Encrypted Volumes.
[[0;32m  OK  [0m] Started Apply Kernel Variables.
[[0;32m  OK  [0m] Started Flush Journal to Persistent Storage.
         Starting Create Volatile Files and Directories...
[[0;32m  OK  [0m] Started Create Volatile Files and Directories.
         Starting Update UTMP about System Boot/Shutdown...
[[0;32m  OK  [0m] Started Update UTMP about System Boot/Shutdown.
[[0;32m  OK  [0m] Started ebtables ruleset management.
[[0;32m  OK  [0m] Found device /dev/ttyS0.
[[0;32m  OK  [0m] Listening on Load/Save RF Kill Switch Status /dev/rfkill Watch.
[[0;32m  OK  [0m] Started AppArmor initialization.
         Starting Load AppArmor profiles managed internally by snapd...
         Starting Initial cloud-init job (pre-networking)...
         Mounting Arbitrary Executable File Formats File System...
[[0;32m  OK  [0m] Mounted Arbitrary Executable File Formats File System.
[[0;32m  OK  [0m] Started Load AppArmor profiles managed internally by snapd.
[   17.995386] cloud-init[559]: Cloud-init v. 23.1.2-0ubuntu0~18.04.1 running 'init-local' at Mon, 01 Jul 2024 17:52:02 +0000. Up 17.76 seconds.
[[0;32m  OK  [0m] Started Initial cloud-init job (pre-networking).
[[0;32m  OK  [0m] Reached target Network (Pre).
         Starting Network Service...
[[0;32m  OK  [0m] Started Network Service.
         Starting Wait for Network to be Configured...
         Starting Network Name Resolution...
[[0;32m  OK  [0m] Started Network Name Resolution.
[[0;32m  OK  [0m] Reached target Network.
[[0;32m  OK  [0m] Reached target Host and Network Name Lookups.
[[0;32m  OK  [0m] Started Wait for Network to be Configured.
         Starting Initial cloud-init job (metadata service crawler)...
[   20.366039] cloud-init[675]: Cloud-init v. 23.1.2-0ubuntu0~18.04.1 running 'init' at Mon, 01 Jul 2024 17:52:05 +0000. Up 20.23 seconds.
[   20.367393] cloud-init[675]: ci-info: ++++++++++++++++++++++++++++++++++++++Net device info++++++++++++++++++++++++++++++++++++++
[   20.368597] cloud-init[675]: ci-info: +--------+------+----------------------------+---------------+--------+-------------------+
[   20.369905] cloud-init[675]: ci-info: | Device |  Up  |          Address           |      Mask     | Scope  |     Hw-Address    |
[   20.371061] cloud-init[675]: ci-info: +--------+------+----------------------------+---------------+--------+-------------------+
[   20.372349] cloud-init[675]: ci-info: | enp0s3 | True |         10.0.2.15          | 255.255.255.0 | global | 02:3b:7b:b7:3b:2d |
[   20.373620] cloud-init[675]: ci-info: | enp0s3 | True | fe80::3b:7bff:feb7:3b2d/64 |       .       |  link  | 02:3b:7b:b7:3b:2d |
[   20.374847] cloud-init[675]: ci-info: |   lo   | True |         127.0.0.1          |   255.0.0.0   |  host  |         .         |
[   20.376145] cloud-init[675]: ci-info: |   lo   | True |          ::1/128           |       .       |  host  |         .         |
[   20.377304] cloud-init[675]: ci-info: +--------+------+----------------------------+---------------+--------+-------------------+
[   20.378506] cloud-init[675]: ci-info: ++++++++++++++++++++++++++++Route IPv4 info+++++++++++++++++++++++++++++
[   20.379523] cloud-init[675]: ci-info: +-------+-------------+----------+-----------------+-----------+-------+
[   20.380471] cloud-init[675]: ci-info: | Route | Destination | Gateway  |     Genmask     | Interface | Flags |
[   20.381535] cloud-init[675]: ci-info: +-------+-------------+----------+-----------------+-----------+-------+
[   20.382600] cloud-init[675]: ci-info: |   0   |   0.0.0.0   | 10.0.2.2 |     0.0.0.0     |   enp0s3  |   UG  |
[   20.383677] cloud-init[675]: ci-info: |   1   |   10.0.2.0  | 0.0.0.0  |  255.255.255.0  |   enp0s3  |   U   |
[   20.384779] cloud-init[675]: ci-info: |   2   |   10.0.2.2  | 0.0.0.0  | 255.255.255.255 |   enp0s3  |   UH  |
[   20.396194] cloud-init[675]: ci-info: +-------+-------------+----------+-----------------+-----------+-------+
[   20.397144] cloud-init[675]: ci-info: +++++++++++++++++++Route IPv6 info+++++++++++++++++++
[   20.398033] cloud-init[675]: ci-info: +-------+-------------+---------+-----------+-------+
[   20.398954] cloud-init[675]: ci-info: | Route | Destination | Gateway | Interface | Flags |
[   20.399837] cloud-init[675]: ci-info: +-------+-------------+---------+-----------+-------+
[   20.400884] cloud-init[675]: ci-info: |   1   |  fe80::/64  |    ::   |   enp0s3  |   U   |
[   20.401737] cloud-init[675]: ci-info: |   3   |    local    |    ::   |   enp0s3  |   U   |
[   20.402598] cloud-init[675]: ci-info: |   4   |   ff00::/8  |    ::   |   enp0s3  |   U   |
[   20.403472] cloud-init[675]: ci-info: +-------+-------------+---------+-----------+-------+
[[0;32m  OK  [0m] Started Initial cloud-init job (metadata service crawler).
[[0;32m  OK  [0m] Reached target Network is Online.
         Starting Availability of block devices...
[[0;32m  OK  [0m] Reached target Remote File Systems (Pre).
         Mounting /vagrant...
[[0;32m  OK  [0m] Reached target System Initialization.
[[0;32m  OK  [0m] Started Message of the Day.
[[0;32m  OK  [0m] Listening on ACPID Listen Socket.
[[0;32m  OK  [0m] Listening on UUID daemon activation socket.
         Starting Socket activation for snappy daemon.
[[0;32m  OK  [0m] Started Ubuntu Advantage Timer for running repeated jobs.
[[0;32m  OK  [0m] Started Discard unused blocks once a week.
         Starting LXD - unix socket.
[[0;32m  OK  [0m] Listening on Open-iSCSI iscsid Socket.
         Starting Docker Socket for the API.
[[0;32m  OK  [0m] Listening on cloud-init hotplug hook socket.
[[0;32m  OK  [0m] Started ACPI Events Check.
[[0;32m  OK  [0m] Reached target Paths.
[[0;32m  OK  [0m] Listening on D-Bus System Message Bus Socket.
[[0;32m  OK  [0m] Started Daily apt download activities.
[[0;32m  OK  [0m] Started Daily apt upgrade and clean activities.
[[0;32m  OK  [0m] Started Daily Cleanup of Temporary Directories.
[[0;32m  OK  [0m] Reached target Timers.
[[0;32m  OK  [0m] Reached target Cloud-config availability.
[[0;32m  OK  [0m] Listening on Socket activation for snappy daemon.
[[0;32m  OK  [0m] Started Availability of block devices.
[[0;32m  OK  [0m] Listening on LXD - unix socket.
[[0;32m  OK  [0m] Listening on Docker Socket for the API.
[[0;32m  OK  [0m] Reached target Sockets.
[[0;32m  OK  [0m] Reached target Basic System.
         Starting Virtualbox guest utils...
[[0;32m  OK  [0m] Started D-Bus System Message Bus.
[[0;32m  OK  [0m] Started irqbalance daemon.
         Starting Ubuntu FAN network setup...
         Starting containerd container runtime...
         Starting Accounts Service...
         Starting LXD - container startup/shutdown...
[[0;32m  OK  [0m] Started FUSE filesystem for LXC.
         Starting OpenBSD Secure Shell server...
         Starting Login Service...
         Starting System Logging Service...
[[0;32m  OK  [0m] Reached target Login Prompts (Pre).
         Starting Dispatcher daemon for systemd-networkd...
[[0;32m  OK  [0m] Started Deferred execution scheduler.
         Starting LSB: Record successful boot for GRUB...
[[0;32m  OK  [0m] Started Regular background program processing daemon.
[[0;32m  OK  [0m] Started MongoDB Database Server.
         Starting Snap Daemon...
[[0;32m  OK  [0m] Mounted /vagrant.
[[0;32m  OK  [0m] Reached target Remote File Systems.
         Starting Permit User Sessions...
         Starting LSB: automatic crash report generation...
[[0;32m  OK  [0m] Started Permit User Sessions.
         Starting Hold until boot process finishes up...
         Starting Terminate Plymouth Boot Screen...
[[0;32m  OK  [0m] Started Hold until boot process finishes up.
[[0;32m  OK  [0m] Started Serial Getty on ttyS0.
         Starting Set console scheme...
[[0;32m  OK  [0m] Started Terminate Plymouth Boot Screen.
[[0;32m  OK  [0m] Started Login Service.
[[0;32m  OK  [0m] Started System Logging Service.
[[0;32m  OK  [0m] Started Set console scheme.
[[0;32m  OK  [0m] Created slice system-getty.slice.
[[0;32m  OK  [0m] Started Getty on tty1.
[[0;32m  OK  [0m] Reached target Login Prompts.
         Starting Authorization Manager...
[[0;32m  OK  [0m] Started Unattended Upgrades Shutdown.
[[0;32m  OK  [0m] Started LSB: Record successful boot for GRUB.
[[0;32m  OK  [0m] Started LSB: automatic crash report generation.
[[0;32m  OK  [0m] Started Virtualbox guest utils.
[[0;32m  OK  [0m] Started Authorization Manager.
[[0;32m  OK  [0m] Started Accounts Service.
[[0;32m  OK  [0m] Started OpenBSD Secure Shell server.
[[0;32m  OK  [0m] Started Ubuntu FAN network setup.
[[0;32m  OK  [0m] Started Dispatcher daemon for systemd-networkd.
[[0;32m  OK  [0m] Started containerd container runtime.
         Starting Docker Application Container Engine...
[[0;32m  OK  [0m] Started LXD - container startup/shutdown.
[[0;32m  OK  [0m] Started Snap Daemon.
         Starting Wait until snapd is fully seeded...
         Starting Time & Date Service...
[[0;32m  OK  [0m] Started Time & Date Service.
[[0;32m  OK  [0m] Started Wait until snapd is fully seeded.
         Starting Apply the settings specified in cloud-config...
[   25.570149] cloud-init[1360]: Cloud-init v. 23.1.2-0ubuntu0~18.04.1 running 'modules:config' at Mon, 01 Jul 2024 17:52:10 +0000. Up 25.47 seconds.
[[0;32m  OK  [0m] Started Apply the settings specified in cloud-config.
[   27.119506] cloud-init[1625]: Cloud-init v. 23.1.2-0ubuntu0~18.04.1 running 'modules:final' at Mon, 01 Jul 2024 17:52:11 +0000. Up 27.01 seconds.
[   27.119640] cloud-init[1625]: Cloud-init v. 23.1.2-0ubuntu0~18.04.1 finished at Mon, 01 Jul 2024 17:52:11 +0000. Datasource DataSourceNoCloud [seed=/dev/sdb][dsmode=net].  Up 27.11 seconds

Ubuntu 18.04.6 LTS ubuntu-bionic ttyS0

ubuntu-bionic login: 